    Checking mbf-fastq-processor v0.8.1 (/home/finkernagel/upstream/mbf-fastq-processor/pretty/mbf-fastq-processor)
error: expected `]`, found `(`
  --> mbf-fastq-processor/src/transformations/convert/eval_expression.rs:32:16
   |
21 | pub struct EvalExpression {
   |            -------------- while parsing this struct
...
32 |     #[tpd(skip)(false)]
   |                ^ expected `]`

error: expected `]`, found `(`
  --> mbf-fastq-processor/src/transformations/demultiplex.rs:23:16
   |
12 | pub struct Demultiplex {
   |            ----------- while parsing this struct
...
23 |     #[tpd(skip)(false)] // eserde compatibility https://github.com/mainmatter/eserde/issues/39
   |                ^ expected `]`

error: expected `]`, found `(`
  --> mbf-fastq-processor/src/transformations/reports/inspect.rs:42:16
   |
19 | pub struct Inspect {
   |            ------- while parsing this struct
...
42 |     #[tpd(skip)(false)]
   |                ^ expected `]`

error: expected `]`, found `(`
  --> mbf-fastq-processor/src/transformations/tag/concat_tags.rs:49:16
   |
40 | pub struct ConcatTags {
   |            ---------- while parsing this struct
...
49 |     #[tpd(skip)(false)]
   |                ^ expected `]`

error: custom attribute panicked
   --> mbf-fastq-processor/src/config/input.rs:388:1
    |
388 | #[tpd]
    | ^^^^^^
    |
    = help: message: failed to parse nested meta - case 2: Error("expected parentheses")

error: custom attribute panicked
  --> mbf-fastq-processor/src/config/options.rs:76:1
   |
76 | #[tpd(partial = false)]
   | ^^^^^^^^^^^^^^^^^^^^^^^
   |
   = help: message: failed to parse nested meta: Error("expected parentheses")

error: custom attribute panicked
 --> mbf-fastq-processor/src/config/segments.rs:6:1
  |
6 | #[tpd]
  | ^^^^^^
  |
  = help: message: Tpd only supports named fields

error: custom attribute panicked
  --> mbf-fastq-processor/src/config/segments.rs:18:1
   |
18 | #[tpd]
   | ^^^^^^
   |
   = help: message: Tpd only supports named fields

error: custom attribute panicked
   --> mbf-fastq-processor/src/config/segments.rs:113:1
    |
113 | #[tpd]
    | ^^^^^^
    |
    = help: message: Tpd only supports named fields

error: custom attribute panicked
   --> mbf-fastq-processor/src/config.rs:145:1
    |
145 | #[tpd]
    | ^^^^^^
    |
    = help: message: failed to parse nested meta: Error("expected parentheses")

error: custom attribute panicked
   --> mbf-fastq-processor/src/dna.rs:162:1
    |
162 | #[tpd]
    | ^^^^^^
    |
    = help: message: failed to parse nested meta - case 2: Error("expected parentheses")

error: custom attribute panicked
 --> mbf-fastq-processor/src/io/fileformats.rs:5:1
  |
5 | #[tpd]
  | ^^^^^^
  |
  = help: message: failed to parse nested meta - case 2: Error("expected parentheses")

error: custom attribute panicked
  --> mbf-fastq-processor/src/transformations/calc/kmers.rs:13:1
   |
13 | #[tpd(partial = false)]
   | ^^^^^^^^^^^^^^^^^^^^^^^
   |
   = help: message: failed to parse nested meta: Error("expected parentheses")

error: custom attribute panicked
  --> mbf-fastq-processor/src/transformations/calc/qualified_bases.rs:12:1
   |
12 | #[tpd]
   | ^^^^^^
   |
   = help: message: failed to parse nested meta - case 2: Error("expected parentheses")

error: custom attribute panicked
  --> mbf-fastq-processor/src/transformations/calc/qualified_bases.rs:39:1
   |
39 | #[tpd(partial = false)]
   | ^^^^^^^^^^^^^^^^^^^^^^^
   |
   = help: message: failed to parse nested meta: Error("expected parentheses")

error: unexpected token, expected `]`
  --> mbf-fastq-processor/src/transformations/convert/eval_expression.rs:32:16
   |
32 |     #[tpd(skip)(false)]
   |                ^^^^^^^

error: unexpected token, expected `]`
  --> mbf-fastq-processor/src/transformations/demultiplex.rs:23:16
   |
23 |     #[tpd(skip)(false)] // eserde compatibility https://github.com/mainmatter/eserde/issues/39
   |                ^^^^^^^

error: custom attribute panicked
  --> mbf-fastq-processor/src/transformations/edits/_change_case.rs:22:1
   |
22 | #[tpd]
   | ^^^^^^
   |
   = help: message: failed to parse nested meta: Error("expected parentheses")

error: custom attribute panicked
 --> mbf-fastq-processor/src/transformations/edits/lowercase.rs:6:1
  |
6 | #[tpd]
  | ^^^^^^
  |
  = help: message: failed to parse nested meta: Error("expected parentheses")

error: custom attribute panicked
 --> mbf-fastq-processor/src/transformations/edits/trim_at_tag.rs:8:1
  |
8 | #[tpd]
  | ^^^^^^
  |
  = help: message: failed to parse nested meta - case 2: Error("expected parentheses")

error: custom attribute panicked
 --> mbf-fastq-processor/src/transformations/edits/uppercase.rs:6:1
  |
6 | #[tpd]
  | ^^^^^^
  |
  = help: message: failed to parse nested meta: Error("expected parentheses")

error: custom attribute panicked
  --> mbf-fastq-processor/src/transformations/extract/iupac.rs:18:1
   |
18 | #[tpd]
   | ^^^^^^
   |
   = help: message: failed to parse nested meta: Error("expected parentheses")

error: custom attribute panicked
  --> mbf-fastq-processor/src/transformations/extract/iupac_suffix.rs:13:1
   |
13 | #[tpd]
   | ^^^^^^
   |
   = help: message: failed to parse nested meta: Error("expected parentheses")

error: custom attribute panicked
  --> mbf-fastq-processor/src/transformations/extract/iupac_with_indel.rs:12:1
   |
12 | #[tpd]
   | ^^^^^^
   |
   = help: message: failed to parse nested meta: Error("expected parentheses")

error: custom attribute panicked
  --> mbf-fastq-processor/src/transformations/extract/regex.rs:23:1
   |
23 | #[tpd(partial=false)]
   | ^^^^^^^^^^^^^^^^^^^^^
   |
   = help: message: failed to parse nested meta: Error("expected parentheses")

error: custom attribute panicked
 --> mbf-fastq-processor/src/transformations/extract/region.rs:7:1
  |
7 | #[tpd]
  | ^^^^^^
  |
  = help: message: failed to parse nested meta: Error("expected parentheses")

error: unexpected token, expected `]`
  --> mbf-fastq-processor/src/transformations/reports/inspect.rs:42:16
   |
42 |     #[tpd(skip)(false)]
   |                ^^^^^^^

error: custom attribute panicked
  --> mbf-fastq-processor/src/transformations/reports/report.rs:11:1
   |
11 | #[tpd(partial = false)]
   | ^^^^^^^^^^^^^^^^^^^^^^^
   |
   = help: message: failed to parse nested meta: Error("expected parentheses")

error: unexpected token, expected `]`
  --> mbf-fastq-processor/src/transformations/tag/concat_tags.rs:49:16
   |
49 |     #[tpd(skip)(false)]
   |                ^^^^^^^

error: custom attribute panicked
  --> mbf-fastq-processor/src/transformations/validation/all_reads_same_length.rs:13:1
   |
13 | #[tpd(partial=false)]
   | ^^^^^^^^^^^^^^^^^^^^^
   |
   = help: message: failed to parse nested meta: Error("expected parentheses")

error: custom attribute panicked
 --> mbf-fastq-processor/src/transformations/validation/name.rs:7:1
  |
7 | #[tpd]
  | ^^^^^^
  |
  = help: message: failed to parse nested meta: Error("expected parentheses")

error: custom attribute panicked
  --> mbf-fastq-processor/src/transformations/validation/spot_check_read_pairing.rs:15:1
   |
15 | #[tpd(partial=false)]
   | ^^^^^^^^^^^^^^^^^^^^^
   |
   = help: message: failed to parse nested meta: Error("expected parentheses")

error: custom attribute panicked
  --> mbf-fastq-processor/src/transformations.rs:44:1
   |
44 | #[tpd]
   | ^^^^^^
   |
   = help: message: failed to parse nested meta: Error("expected parentheses")

error: custom attribute panicked
  --> mbf-fastq-processor/src/transformations.rs:63:1
   |
63 | #[tpd]
   | ^^^^^^
   |
   = help: message: failed to parse nested meta - case 2: Error("expected parentheses")

error: custom attribute panicked
   --> mbf-fastq-processor/src/transformations.rs:149:1
    |
149 | #[tpd]
    | ^^^^^^
    |
    = help: message: failed to parse nested meta - case 2: Error("expected parentheses")

error[E0432]: unresolved import `toml_pretty_deser::deserialize_with_mode`
 --> mbf-fastq-processor/src/cli/process.rs:8:25
  |
8 | use toml_pretty_deser::{deserialize_with_mode, FieldMatchMode, VecMode};
  |                         ^^^^^^^^^^^^^^^^^^^^^ no `deserialize_with_mode` in the root

error[E0432]: unresolved import `toml_pretty_deser::deserialize_with_mode`
 --> mbf-fastq-processor/src/cli/validate.rs:6:50
  |
6 | use toml_pretty_deser::{FieldMatchMode, VecMode, deserialize_with_mode};
  |                                                  ^^^^^^^^^^^^^^^^^^^^^ no `deserialize_with_mode` in the root

error[E0432]: unresolved import `toml_pretty_deser::deserialize_with_mode`
 --> mbf-fastq-processor/src/cli/verify.rs:8:50
  |
8 | use toml_pretty_deser::{FieldMatchMode, VecMode, deserialize_with_mode};
  |                                                  ^^^^^^^^^^^^^^^^^^^^^ no `deserialize_with_mode` in the root

error[E0432]: unresolved imports `crate::config::Config`, `crate::config::PartialConfig`
 --> mbf-fastq-processor/src/cli/process.rs:5:21
  |
5 | use crate::config::{Config, PartialConfig};
  |                     ^^^^^^  ^^^^^^^^^^^^^ no `PartialConfig` in `config`
  |                     |
  |                     no `Config` in `config`

error[E0432]: unresolved imports `crate::config::Config`, `crate::config::PartialConfig`
 --> mbf-fastq-processor/src/cli/validate.rs:5:21
  |
5 | use crate::config::{Config, PartialConfig};
  |                     ^^^^^^  ^^^^^^^^^^^^^ no `PartialConfig` in `config`
  |                     |
  |                     no `Config` in `config`

error[E0432]: unresolved import `super::CompressionFormat`
 --> mbf-fastq-processor/src/config/output.rs:4:13
  |
4 | use super::{CompressionFormat, FileFormat};
  |             ^^^^^^^^^^^^^^^^^ no `CompressionFormat` in `config`

error[E0432]: unresolved import `input::CompressionFormat`
  --> mbf-fastq-processor/src/config.rs:24:5
   |
24 |     CompressionFormat, FileFormat, Input, InputOptions, PartialInput, PartialInputOptions,
   |     ^^^^^^^^^^^^^^^^^ no `CompressionFormat` in `config::input`

error[E0432]: unresolved import `io::fileformats::PhredEncoding`
  --> mbf-fastq-processor/src/config.rs:27:9
   |
27 | pub use io::fileformats::PhredEncoding;
   |         ^^^^^^^^^^^^^^^^^^^^^^^^^^^^^^ no `PhredEncoding` in `io::fileformats`

error[E0432]: unresolved imports `options::Options`, `options::PartialOptions`
  --> mbf-fastq-processor/src/config.rs:28:19
   |
28 | pub use options::{Options, PartialOptions};
   |                   ^^^^^^^  ^^^^^^^^^^^^^^ no `PartialOptions` in `config::options`
   |                   |
   |                   no `Options` in `config::options`

error[E0432]: unresolved imports `segments::Segment`, `segments::SegmentOrAll`, `segments::SegmentSequenceOrName`
  --> mbf-fastq-processor/src/config.rs:31:5
   |
31 |     Segment, SegmentIndex, SegmentIndexOrAll, SegmentOrAll, SegmentOrNameIndex,
   |     ^^^^^^^                                   ^^^^^^^^^^^^ no `SegmentOrAll` in `config::segments`
   |     |
   |     no `Segment` in `config::segments`
32 |     SegmentSequenceOrName,
   |     ^^^^^^^^^^^^^^^^^^^^^ no `SegmentSequenceOrName` in `config::segments`
   |
   = help: consider importing one of these items instead:
           crate::transformations::ResolvedSourceAll::Segment
           crate::transformations::ResolvedSourceNoAll::Segment
           eserde::path::Segment

error[E0432]: unresolved import `crate::dna::Anchor`
 --> mbf-fastq-processor/src/io/reads.rs:6:11
  |
6 |     dna::{Anchor, Hits, TagValue, hamming},
  |           ^^^^^^ no `Anchor` in `dna`

error[E0432]: unresolved imports `kmers::Kmers`, `kmers::PartialKmers`
  --> mbf-fastq-processor/src/transformations/calc.rs:21:17
   |
21 | pub use kmers::{Kmers, PartialKmers};
   |                 ^^^^^  ^^^^^^^^^^^^ no `PartialKmers` in `transformations::calc::kmers`
   |                 |
   |                 no `Kmers` in `transformations::calc::kmers`

error[E0432]: unresolved imports `qualified_bases::QualifiedBases`, `qualified_bases::PartialQualifiedBases`
  --> mbf-fastq-processor/src/transformations/calc.rs:24:27
   |
24 | pub use qualified_bases::{QualifiedBases, PartialQualifiedBases};
   |                           ^^^^^^^^^^^^^^  ^^^^^^^^^^^^^^^^^^^^^ no `PartialQualifiedBases` in `transformations::calc::qualified_bases`
   |                           |
   |                           no `QualifiedBases` in `transformations::calc::qualified_bases`

error[E0432]: unresolved imports `eval_expression::EvalExpression`, `eval_expression::PartialEvalExpression`
 --> mbf-fastq-processor/src/transformations/convert/mod.rs:4:27
  |
4 | pub use eval_expression::{EvalExpression, PartialEvalExpression};
  |                           ^^^^^^^^^^^^^^  ^^^^^^^^^^^^^^^^^^^^^ no `PartialEvalExpression` in `transformations::convert::eval_expression`
  |                           |
  |                           no `EvalExpression` in `transformations::convert::eval_expression`
  |
  = help: consider importing one of these variants instead:
          crate::transformations::PartialTransformation::EvalExpression
          crate::transformations::Transformation::EvalExpression

error[E0432]: unresolved imports `_change_case::_ChangeCase`, `_change_case::Partial_ChangeCase`
  --> mbf-fastq-processor/src/transformations/edits.rs:19:24
   |
19 | pub use _change_case::{_ChangeCase, Partial_ChangeCase, CaseType};
   |                        ^^^^^^^^^^^  ^^^^^^^^^^^^^^^^^^ no `Partial_ChangeCase` in `transformations::edits::_change_case`
   |                        |
   |                        no `_ChangeCase` in `transformations::edits::_change_case`
   |
   = help: consider importing one of these variants instead:
           crate::transformations::PartialTransformation::_ChangeCase
           crate::transformations::Transformation::_ChangeCase

error[E0432]: unresolved imports `lowercase::Lowercase`, `lowercase::PartialLowercase`
  --> mbf-fastq-processor/src/transformations/edits.rs:23:21
   |
23 | pub use lowercase::{Lowercase, PartialLowercase};
   |                     ^^^^^^^^^  ^^^^^^^^^^^^^^^^ no `PartialLowercase` in `transformations::edits::lowercase`
   |                     |
   |                     no `Lowercase` in `transformations::edits::lowercase`
   |
   = help: consider importing one of these variants instead:
           crate::transformations::PartialTransformation::Lowercase
           crate::transformations::Transformation::Lowercase

error[E0432]: unresolved imports `uppercase::Uppercase`, `uppercase::PartialUppercase`
  --> mbf-fastq-processor/src/transformations/edits.rs:32:21
   |
32 | pub use uppercase::{Uppercase, PartialUppercase};
   |                     ^^^^^^^^^  ^^^^^^^^^^^^^^^^ no `PartialUppercase` in `transformations::edits::uppercase`
   |                     |
   |                     no `Uppercase` in `transformations::edits::uppercase`
   |
   = help: consider importing one of these variants instead:
           crate::transformations::PartialTransformation::Uppercase
           crate::transformations::Transformation::Uppercase

error[E0432]: unresolved import `crate::dna::Anchor`
 --> mbf-fastq-processor/src/transformations/extract/iupac.rs:6:5
  |
6 |     dna::Anchor,
  |     ^^^^^^^^^^^ no `Anchor` in `dna`

error[E0432]: unresolved import `crate::dna::Anchor`
 --> mbf-fastq-processor/src/transformations/extract/iupac_with_indel.rs:4:53
  |
4 | use crate::{config::deser::tpd_adapt_iupac_bstring, dna::Anchor};
  |                                                     ^^^^^^^^^^^ no `Anchor` in `dna`

error[E0432]: unresolved import `crate::transformations::RegionAnchor`
 --> mbf-fastq-processor/src/transformations/extract/region.rs:3:30
  |
3 | use crate::transformations::{RegionAnchor, prelude::*};
  |                              ^^^^^^^^^^^^ no `RegionAnchor` in `transformations`

error[E0432]: unresolved imports `super::super::RegionDefinition`, `super::super::PartialRegionDefinition`
 --> mbf-fastq-processor/src/transformations/extract/regions.rs:8:20
  |
8 | use super::super::{RegionDefinition, PartialRegionDefinition, extract_regions};
  |                    ^^^^^^^^^^^^^^^^  ^^^^^^^^^^^^^^^^^^^^^^^ no `PartialRegionDefinition` in `transformations`
  |                    |
  |                    no `RegionDefinition` in `transformations`

error[E0432]: unresolved imports `iupac::IUPAC`, `iupac::PartialIUPAC`
  --> mbf-fastq-processor/src/transformations/extract.rs:15:17
   |
15 | pub use iupac::{IUPAC,PartialIUPAC};
   |                 ^^^^^ ^^^^^^^^^^^^ no `PartialIUPAC` in `transformations::extract::iupac`
   |                 |
   |                 no `IUPAC` in `transformations::extract::iupac`

error[E0432]: unresolved imports `iupac_suffix::IUPACSuffix`, `iupac_suffix::PartialIUPACSuffix`
  --> mbf-fastq-processor/src/transformations/extract.rs:16:24
   |
16 | pub use iupac_suffix::{IUPACSuffix,PartialIUPACSuffix};
   |                        ^^^^^^^^^^^ ^^^^^^^^^^^^^^^^^^ no `PartialIUPACSuffix` in `transformations::extract::iupac_suffix`
   |                        |
   |                        no `IUPACSuffix` in `transformations::extract::iupac_suffix`

error[E0432]: unresolved imports `iupac_with_indel::IUPACWithIndel`, `iupac_with_indel::PartialIUPACWithIndel`
  --> mbf-fastq-processor/src/transformations/extract.rs:17:28
   |
17 | pub use iupac_with_indel::{IUPACWithIndel,PartialIUPACWithIndel};
   |                            ^^^^^^^^^^^^^^ ^^^^^^^^^^^^^^^^^^^^^ no `PartialIUPACWithIndel` in `transformations::extract::iupac_with_indel`
   |                            |
   |                            no `IUPACWithIndel` in `transformations::extract::iupac_with_indel`

error[E0432]: unresolved imports `regex::Regex`, `regex::PartialRegex`
   --> mbf-fastq-processor/src/transformations/extract.rs:22:17
    |
 22 | pub use regex::{Regex,PartialRegex};
    |                 ^^^^^ ^^^^^^^^^^^^ no `PartialRegex` in `transformations::extract::regex`
    |                 |
    |                 no `Regex` in `transformations::extract::regex`
    |
    = help: consider importing one of these structs instead:
            ::regex::Regex
            ::regex::bytes::Regex
note: variant `crate::cli::verify::ExpectedFailure::Regex` exists but is inaccessible
   --> mbf-fastq-processor/src/cli/verify.rs:685:5
    |
685 |     Regex(Regex),
    |     ^^^^^^^^^^^^ not accessible

error[E0432]: unresolved imports `region::Region`, `region::PartialRegion`
  --> mbf-fastq-processor/src/transformations/extract.rs:23:18
   |
23 | pub use region::{Region,PartialRegion};
   |                  ^^^^^^ ^^^^^^^^^^^^^ no `PartialRegion` in `transformations::extract::region`
   |                  |
   |                  no `Region` in `transformations::extract::region`

error[E0432]: unresolved import `super::super::KeepOrRemove`
 --> mbf-fastq-processor/src/transformations/filters/by_numeric_tag.rs:4:5
  |
4 | use super::super::KeepOrRemove;
  |     ^^^^^^^^^^^^^^^^^^^^^^^^^^ no `KeepOrRemove` in `transformations`

error[E0432]: unresolved imports `inspect::Inspect`, `inspect::PartialInspect`
  --> mbf-fastq-processor/src/transformations/reports.rs:17:19
   |
17 | pub use inspect::{Inspect, PartialInspect};
   |                   ^^^^^^^  ^^^^^^^^^^^^^^ no `PartialInspect` in `transformations::reports::inspect`
   |                   |
   |                   no `Inspect` in `transformations::reports::inspect`
   |
   = help: consider importing one of these items instead:
           crate::transformations::PartialTransformation::Inspect
           crate::transformations::Transformation::Inspect
           std::iter::Inspect

error[E0432]: unresolved imports `report::Report`, `report::PartialReport`
  --> mbf-fastq-processor/src/transformations/reports.rs:19:18
   |
19 | pub use report::{Report, PartialReport};
   |                  ^^^^^^  ^^^^^^^^^^^^^ no `PartialReport` in `transformations::reports::report`
   |                  |
   |                  no `Report` in `transformations::reports::report`
   |
   = help: consider importing one of these items instead:
           crate::transformations::PartialTransformation::Report
           crate::transformations::Transformation::Report
           std::error::Report
           human_panic::report::Report

error[E0432]: unresolved imports `concat_tags::ConcatTags`, `concat_tags::PartialConcatTags`
  --> mbf-fastq-processor/src/transformations/tag.rs:18:23
   |
18 | pub use concat_tags::{ConcatTags, PartialConcatTags};
   |                       ^^^^^^^^^^  ^^^^^^^^^^^^^^^^^ no `PartialConcatTags` in `transformations::tag::concat_tags`
   |                       |
   |                       no `ConcatTags` in `transformations::tag::concat_tags`
   |
   = help: consider importing one of these variants instead:
           crate::transformations::PartialTransformation::ConcatTags
           crate::transformations::Transformation::ConcatTags

error[E0432]: unresolved imports `all_reads_same_length::ValidateAllReadsSameLength`, `all_reads_same_length::PartialValidateAllReadsSameLength`
 --> mbf-fastq-processor/src/transformations/validation.rs:8:33
  |
8 | pub use all_reads_same_length::{ValidateAllReadsSameLength, PartialValidateAllReadsSameLength};
  |                                 ^^^^^^^^^^^^^^^^^^^^^^^^^^  ^^^^^^^^^^^^^^^^^^^^^^^^^^^^^^^^^ no `PartialValidateAllReadsSameLength` in `transformations::validation::all_reads_same_length`
  |                                 |
  |                                 no `ValidateAllReadsSameLength` in `transformations::validation::all_reads_same_length`
  |
  = help: consider importing one of these variants instead:
          crate::transformations::PartialTransformation::ValidateAllReadsSameLength
          crate::transformations::Transformation::ValidateAllReadsSameLength

error[E0432]: unresolved imports `name::ValidateName`, `name::PartialValidateName`
 --> mbf-fastq-processor/src/transformations/validation.rs:9:16
  |
9 | pub use name::{ValidateName, PartialValidateName};
  |                ^^^^^^^^^^^^  ^^^^^^^^^^^^^^^^^^^ no `PartialValidateName` in `transformations::validation::name`
  |                |
  |                no `ValidateName` in `transformations::validation::name`
  |
  = help: consider importing one of these variants instead:
          crate::transformations::PartialTransformation::ValidateName
          crate::transformations::Transformation::ValidateName

error[E0432]: unresolved imports `spot_check_read_pairing::SpotCheckReadPairing`, `spot_check_read_pairing::PartialSpotCheckReadPairing`
  --> mbf-fastq-processor/src/transformations/validation.rs:12:35
   |
12 | pub use spot_check_read_pairing::{SpotCheckReadPairing, PartialSpotCheckReadPairing};
   |                                   ^^^^^^^^^^^^^^^^^^^^  ^^^^^^^^^^^^^^^^^^^^^^^^^^^ no `PartialSpotCheckReadPairing` in `transformations::validation::spot_check_read_pairing`
   |                                   |
   |                                   no `SpotCheckReadPairing` in `transformations::validation::spot_check_read_pairing`
   |
   = help: consider importing one of these variants instead:
           crate::transformations::PartialTransformation::SpotCheckReadPairing
           crate::transformations::Transformation::SpotCheckReadPairing

error: cannot find attribute `tpd_default` in this scope
  --> mbf-fastq-processor/src/transformations/validation/seq.rs:15:7
   |
15 |     #[tpd_default]
   |       ^^^^^^^^^^^

error: cannot find attribute `tpd_default` in this scope
  --> mbf-fastq-processor/src/transformations/validation/quality.rs:11:7
   |
11 |     #[tpd_default]
   |       ^^^^^^^^^^^

error: cannot find attribute `tpd_adapt_in_verify` in this scope
  --> mbf-fastq-processor/src/transformations/tag/store_tags_in_table.rs:36:7
   |
36 |     #[tpd_adapt_in_verify]
   |       ^^^^^^^^^^^^^^^^^^^

error: cannot find attribute `tpd_default_in_verify` in this scope
  --> mbf-fastq-processor/src/transformations/tag/store_tags_in_table.rs:28:7
   |
28 |     #[tpd_default_in_verify]
   |       ^^^^^^^^^^^^^^^^^^^^^

error: cannot find attribute `tpd_default` in this scope
  --> mbf-fastq-processor/src/transformations/tag/store_tags_in_table.rs:23:7
   |
23 |     #[tpd_default]
   |       ^^^^^^^^^^^

error: cannot find attribute `tpd_default` in this scope
  --> mbf-fastq-processor/src/transformations/tag/store_tags_in_table.rs:21:7
   |
21 |     #[tpd_default]
   |       ^^^^^^^^^^^

error: cannot find attribute `tpd_adapt_in_verify` in this scope
  --> mbf-fastq-processor/src/transformations/tag/store_tag_location_in_comment.rs:39:7
   |
39 |     #[tpd_adapt_in_verify]
   |       ^^^^^^^^^^^^^^^^^^^

error: cannot find attribute `tpd_adapt_in_verify` in this scope
  --> mbf-fastq-processor/src/transformations/tag/store_tag_location_in_comment.rs:35:7
   |
35 |     #[tpd_adapt_in_verify]
   |       ^^^^^^^^^^^^^^^^^^^

error: cannot find attribute `tpd_default` in this scope
  --> mbf-fastq-processor/src/transformations/tag/store_tag_location_in_comment.rs:36:7
   |
36 |     #[tpd_default]
   |       ^^^^^^^^^^^

error: cannot find attribute `tpd_default_in_verify` in this scope
  --> mbf-fastq-processor/src/transformations/tag/store_tag_location_in_comment.rs:29:7
   |
29 |     #[tpd_default_in_verify]
   |       ^^^^^^^^^^^^^^^^^^^^^

error: cannot find attribute `tpd_default` in this scope
  --> mbf-fastq-processor/src/transformations/tag/store_tag_in_sequence.rs:15:7
   |
15 |     #[tpd_default]
   |       ^^^^^^^^^^^

error: cannot find attribute `tpd_default` in this scope
  --> mbf-fastq-processor/src/transformations/tag/store_tag_in_fastq.rs:56:7
   |
56 |     #[tpd_default]
   |       ^^^^^^^^^^^

error: cannot find attribute `tpd_default` in this scope
  --> mbf-fastq-processor/src/transformations/tag/store_tag_in_fastq.rs:54:7
   |
54 |     #[tpd_default]
   |       ^^^^^^^^^^^

error: cannot find attribute `tpd_default` in this scope
  --> mbf-fastq-processor/src/transformations/tag/store_tag_in_fastq.rs:52:7
   |
52 |     #[tpd_default]
   |       ^^^^^^^^^^^

error: cannot find attribute `tpd_default_in_verify` in this scope
  --> mbf-fastq-processor/src/transformations/tag/store_tag_in_fastq.rs:47:7
   |
47 |     #[tpd_default_in_verify]
   |       ^^^^^^^^^^^^^^^^^^^^^

error: cannot find attribute `tpd_adapt_in_verify` in this scope
  --> mbf-fastq-processor/src/transformations/tag/store_tag_in_fastq.rs:42:7
   |
42 |     #[tpd_adapt_in_verify]
   |       ^^^^^^^^^^^^^^^^^^^

error: cannot find attribute `tpd_default_in_verify` in this scope
  --> mbf-fastq-processor/src/transformations/tag/store_tag_in_fastq.rs:43:7
   |
43 |     #[tpd_default_in_verify]
   |       ^^^^^^^^^^^^^^^^^^^^^

error: cannot find attribute `tpd_adapt_in_verify` in this scope
  --> mbf-fastq-processor/src/transformations/tag/store_tag_in_fastq.rs:38:7
   |
38 |     #[tpd_adapt_in_verify]
   |       ^^^^^^^^^^^^^^^^^^^

error: cannot find attribute `tpd_default_in_verify` in this scope
  --> mbf-fastq-processor/src/transformations/tag/store_tag_in_fastq.rs:39:7
   |
39 |     #[tpd_default_in_verify]
   |       ^^^^^^^^^^^^^^^^^^^^^

error: cannot find attribute `tpd_default` in this scope
  --> mbf-fastq-processor/src/transformations/tag/store_tag_in_fastq.rs:32:7
   |
32 |     #[tpd_default]
   |       ^^^^^^^^^^^

error: cannot find attribute `tpd_default_in_verify` in this scope
  --> mbf-fastq-processor/src/transformations/tag/store_tag_in_comment.rs:54:7
   |
54 |     #[tpd_default_in_verify]
   |       ^^^^^^^^^^^^^^^^^^^^^

error: cannot find attribute `tpd_adapt_in_verify` in this scope
  --> mbf-fastq-processor/src/transformations/tag/store_tag_in_comment.rs:51:7
   |
51 |     #[tpd_adapt_in_verify]
   |       ^^^^^^^^^^^^^^^^^^^

error: cannot find attribute `tpd_adapt_in_verify` in this scope
  --> mbf-fastq-processor/src/transformations/tag/store_tag_in_comment.rs:47:7
   |
47 |     #[tpd_adapt_in_verify]
   |       ^^^^^^^^^^^^^^^^^^^

error: cannot find attribute `tpd_default_in_verify` in this scope
  --> mbf-fastq-processor/src/transformations/tag/store_tag_in_comment.rs:48:7
   |
48 |     #[tpd_default_in_verify]
   |       ^^^^^^^^^^^^^^^^^^^^^

error: cannot find attribute `tpd_default_in_verify` in this scope
  --> mbf-fastq-processor/src/transformations/tag/store_tag_in_comment.rs:41:7
   |
41 |     #[tpd_default_in_verify]
   |       ^^^^^^^^^^^^^^^^^^^^^

error: cannot find attribute `tpd_adapt_in_verify` in this scope
  --> mbf-fastq-processor/src/transformations/tag/replace_tag_with_letter.rs:16:7
   |
16 |     #[tpd_adapt_in_verify]
   |       ^^^^^^^^^^^^^^^^^^^

error: cannot find attribute `tpd_default_in_verify` in this scope
  --> mbf-fastq-processor/src/transformations/tag/quantify_tag.rs:30:7
   |
30 |     #[tpd_default_in_verify]
   |       ^^^^^^^^^^^^^^^^^^^^^

error: cannot find attribute `tpd_default_in_verify` in this scope
  --> mbf-fastq-processor/src/transformations/reports/progress.rs:28:7
   |
28 |     #[tpd_default_in_verify]
   |       ^^^^^^^^^^^^^^^^^^^^^

error: cannot find attribute `tpd_default` in this scope
 --> mbf-fastq-processor/src/transformations/filters/empty.rs:9:7
  |
9 |     #[tpd_default]
  |       ^^^^^^^^^^^

error: cannot find attribute `tpd_default` in this scope
  --> mbf-fastq-processor/src/transformations/extract/tag/other_file_by_sequence.rs:17:7
   |
17 |     #[tpd_default]
   |       ^^^^^^^^^^^

error: cannot find attribute `tpd_adapt_in_verify` in this scope
  --> mbf-fastq-processor/src/transformations/extract/tag/other_file_by_name.rs:37:7
   |
37 |     #[tpd_adapt_in_verify]
   |       ^^^^^^^^^^^^^^^^^^^

error: cannot find attribute `tpd_adapt_in_verify` in this scope
  --> mbf-fastq-processor/src/transformations/extract/tag/other_file_by_name.rs:34:7
   |
34 |     #[tpd_adapt_in_verify]
   |       ^^^^^^^^^^^^^^^^^^^

error: cannot find attribute `tpd_default` in this scope
  --> mbf-fastq-processor/src/transformations/extract/tag/other_file_by_name.rs:20:7
   |
20 |     #[tpd_default]
   |       ^^^^^^^^^^^

error: cannot find attribute `tpd_default_in_verify` in this scope
  --> mbf-fastq-processor/src/transformations/extract/tag/duplicates.rs:25:7
   |
25 |     #[tpd_default_in_verify]
   |       ^^^^^^^^^^^^^^^^^^^^^

error: cannot find attribute `tpd_adapt_in_verify` in this scope
  --> mbf-fastq-processor/src/transformations/extract/regions_of_low_quality.rs:22:7
   |
22 |     #[tpd_adapt_in_verify]
   |       ^^^^^^^^^^^^^^^^^^^

error: cannot find attribute `tpd_default` in this scope
  --> mbf-fastq-processor/src/transformations/extract/regions_of_low_quality.rs:16:7
   |
16 |     #[tpd_default]
   |       ^^^^^^^^^^^

error: cannot find attribute `tpd_nested` in this scope
  --> mbf-fastq-processor/src/transformations/extract/regions.rs:20:7
   |
20 |     #[tpd_nested]
   |       ^^^^^^^^^^

error: cannot find attribute `tpd_adapt_in_verify` in this scope
  --> mbf-fastq-processor/src/transformations/extract/poly_tail.rs:22:7
   |
22 |     #[tpd_adapt_in_verify]
   |       ^^^^^^^^^^^^^^^^^^^

error: cannot find attribute `tpd_default` in this scope
  --> mbf-fastq-processor/src/transformations/extract/poly_tail.rs:13:7
   |
13 |     #[tpd_default]
   |       ^^^^^^^^^^^

error: cannot find attribute `tpd_adapt_in_verify` in this scope
  --> mbf-fastq-processor/src/transformations/extract/low_quality_start.rs:21:7
   |
21 |     #[tpd_adapt_in_verify]
   |       ^^^^^^^^^^^^^^^^^^^

error: cannot find attribute `tpd_default` in this scope
  --> mbf-fastq-processor/src/transformations/extract/low_quality_start.rs:14:7
   |
14 |     #[tpd_default]
   |       ^^^^^^^^^^^

error: cannot find attribute `tpd_adapt_in_verify` in this scope
  --> mbf-fastq-processor/src/transformations/extract/low_quality_end.rs:20:7
   |
20 |     #[tpd_adapt_in_verify]
   |       ^^^^^^^^^^^^^^^^^^^

error: cannot find attribute `tpd_default` in this scope
  --> mbf-fastq-processor/src/transformations/extract/low_quality_end.rs:13:7
   |
13 |     #[tpd_default]
   |       ^^^^^^^^^^^

error: cannot find attribute `tpd_adapt_in_verify` in this scope
  --> mbf-fastq-processor/src/transformations/extract/longest_poly_x.rs:27:7
   |
27 |     #[tpd_adapt_in_verify]
   |       ^^^^^^^^^^^^^^^^^^^

error: cannot find attribute `tpd_default` in this scope
  --> mbf-fastq-processor/src/transformations/extract/longest_poly_x.rs:19:7
   |
19 |     #[tpd_default]
   |       ^^^^^^^^^^^

error: cannot find attribute `tpd_default` in this scope
  --> mbf-fastq-processor/src/transformations/edits/truncate.rs:11:7
   |
11 |     #[tpd_default]
   |       ^^^^^^^^^^^

error: cannot find attribute `tpd_default` in this scope
  --> mbf-fastq-processor/src/transformations/edits/swap.rs:16:7
   |
16 |     #[tpd_default]
   |       ^^^^^^^^^^^

error: cannot find attribute `tpd_default` in this scope
  --> mbf-fastq-processor/src/transformations/edits/reverse_complement.rs:15:7
   |
15 |     #[tpd_default]
   |       ^^^^^^^^^^^

error: cannot find attribute `tpd_default` in this scope
  --> mbf-fastq-processor/src/transformations/edits/prefix.rs:15:7
   |
15 |     #[tpd_default]
   |       ^^^^^^^^^^^

error: cannot find attribute `tpd_default` in this scope
  --> mbf-fastq-processor/src/transformations/edits/postfix.rs:14:7
   |
14 |     #[tpd_default]
   |       ^^^^^^^^^^^

error: cannot find attribute `tpd_default` in this scope
  --> mbf-fastq-processor/src/transformations/edits/cut_start.rs:18:7
   |
18 |     #[tpd_default]
   |       ^^^^^^^^^^^

error: cannot find attribute `tpd_default` in this scope
  --> mbf-fastq-processor/src/transformations/edits/cut_start.rs:13:7
   |
13 |     #[tpd_default]
   |       ^^^^^^^^^^^

error: cannot find attribute `tpd_default` in this scope
  --> mbf-fastq-processor/src/transformations/edits/cut_end.rs:11:7
   |
11 |     #[tpd_default]
   |       ^^^^^^^^^^^

error: cannot find attribute `tpd_default` in this scope
  --> mbf-fastq-processor/src/transformations/calc/gc_content.rs:12:7
   |
12 |     #[tpd_default]
   |       ^^^^^^^^^^^

error: cannot find attribute `tpd_default` in this scope
  --> mbf-fastq-processor/src/transformations/calc/n_count.rs:11:7
   |
11 |     #[tpd_default]
   |       ^^^^^^^^^^^

error: cannot find attribute `tpd_default` in this scope
  --> mbf-fastq-processor/src/transformations/calc/length.rs:13:7
   |
13 |     #[tpd_default]
   |       ^^^^^^^^^^^

error: cannot find attribute `tpd_default` in this scope
  --> mbf-fastq-processor/src/transformations/calc/expected_error.rs:26:7
   |
26 |     #[tpd_default]
   |       ^^^^^^^^^^^

error: cannot find attribute `tpd_default` in this scope
  --> mbf-fastq-processor/src/transformations/calc/complexity.rs:12:7
   |
12 |     #[tpd_default]
   |       ^^^^^^^^^^^

error: cannot find attribute `tpd_default` in this scope
  --> mbf-fastq-processor/src/transformations/calc/base_content.rs:31:7
   |
31 |     #[tpd_default]
   |       ^^^^^^^^^^^

error: cannot find attribute `tpd_default_in_verify` in this scope
  --> mbf-fastq-processor/src/transformations/calc/base_content.rs:24:7
   |
24 |     #[tpd_default_in_verify]
   |       ^^^^^^^^^^^^^^^^^^^^^

error: cannot find attribute `tpd_default` in this scope
  --> mbf-fastq-processor/src/transformations/calc/base_content.rs:21:7
   |
21 |     #[tpd_default]
   |       ^^^^^^^^^^^

error: cannot find attribute `tpd_absorb_remaining` in this scope
    --> mbf-fastq-processor/src/config.rs:1288:7
     |
1288 |     #[tpd_absorb_remaining]
     |       ^^^^^^^^^^^^^^^^^^^^

error: cannot find attribute `tpd_default` in this scope
  --> mbf-fastq-processor/src/config/output.rs:49:7
   |
49 |     #[tpd_default]
   |       ^^^^^^^^^^^

error: cannot find attribute `tpd_default_in_verify` in this scope
  --> mbf-fastq-processor/src/config/output.rs:46:7
   |
46 |     #[tpd_default_in_verify]
   |       ^^^^^^^^^^^^^^^^^^^^^

error: cannot find attribute `tpd_default` in this scope
  --> mbf-fastq-processor/src/config/output.rs:44:7
   |
44 |     #[tpd_default]
   |       ^^^^^^^^^^^

error: cannot find attribute `tpd_default` in this scope
  --> mbf-fastq-processor/src/config/output.rs:42:7
   |
42 |     #[tpd_default]
   |       ^^^^^^^^^^^

error: cannot find attribute `tpd_default` in this scope
  --> mbf-fastq-processor/src/config/output.rs:39:7
   |
39 |     #[tpd_default]
   |       ^^^^^^^^^^^

error: cannot find attribute `tpd_default` in this scope
  --> mbf-fastq-processor/src/config/output.rs:36:7
   |
36 |     #[tpd_default]
   |       ^^^^^^^^^^^

error: cannot find attribute `tpd_default` in this scope
  --> mbf-fastq-processor/src/config/output.rs:34:7
   |
34 |     #[tpd_default]
   |       ^^^^^^^^^^^

error: cannot find attribute `tpd_default` in this scope
  --> mbf-fastq-processor/src/config/output.rs:31:7
   |
31 |     #[tpd_default]
   |       ^^^^^^^^^^^

error: cannot find attribute `tpd_default` in this scope
  --> mbf-fastq-processor/src/config/output.rs:29:7
   |
29 |     #[tpd_default]
   |       ^^^^^^^^^^^

error: cannot find attribute `tpd_default` in this scope
  --> mbf-fastq-processor/src/config/output.rs:27:7
   |
27 |     #[tpd_default]
   |       ^^^^^^^^^^^

error: cannot find attribute `tpd_default` in this scope
  --> mbf-fastq-processor/src/config/output.rs:24:7
   |
24 |     #[tpd_default]
   |       ^^^^^^^^^^^

error: cannot find attribute `tpd_default` in this scope
  --> mbf-fastq-processor/src/config/output.rs:22:7
   |
22 |     #[tpd_default]
   |       ^^^^^^^^^^^

error: cannot find attribute `tpd_default` in this scope
  --> mbf-fastq-processor/src/config/output.rs:20:7
   |
20 |     #[tpd_default]
   |       ^^^^^^^^^^^

error: cannot find attribute `tpd_default` in this scope
  --> mbf-fastq-processor/src/config/output.rs:18:7
   |
18 |     #[tpd_default]
   |       ^^^^^^^^^^^

error: cannot find attribute `tpd_default` in this scope
  --> mbf-fastq-processor/src/config/output.rs:16:7
   |
16 |     #[tpd_default]
   |       ^^^^^^^^^^^

error: cannot find attribute `tpd_adapt_in_verify` in this scope
  --> mbf-fastq-processor/src/config/input.rs:92:7
   |
92 |     #[tpd_adapt_in_verify]
   |       ^^^^^^^^^^^^^^^^^^^

error: cannot find attribute `tpd_adapt_in_verify` in this scope
  --> mbf-fastq-processor/src/config/input.rs:82:7
   |
82 |     #[tpd_adapt_in_verify]
   |       ^^^^^^^^^^^^^^^^^^^

error: cannot find attribute `tpd_default_in_verify` in this scope
  --> mbf-fastq-processor/src/config/input.rs:39:7
   |
39 |     #[tpd_default_in_verify]
   |       ^^^^^^^^^^^^^^^^^^^^^

error: cannot find attribute `tpd_nested` in this scope
  --> mbf-fastq-processor/src/config/input.rs:40:7
   |
40 |     #[tpd_nested]
   |       ^^^^^^^^^^

error: cannot find attribute `tpd_absorb_remaining` in this scope
  --> mbf-fastq-processor/src/config/input.rs:35:7
   |
35 |     #[tpd_absorb_remaining]
   |       ^^^^^^^^^^^^^^^^^^^^

error: cannot find attribute `tpd_default` in this scope
  --> mbf-fastq-processor/src/config/input.rs:30:7
   |
30 |     #[tpd_default]
   |       ^^^^^^^^^^^

error[E0433]: failed to resolve: could not find `KeepOrRemove` in `transformations`
   --> mbf-fastq-processor/src/config.rs:342:69
    |
342 | ...                   keep_or_remove: crate::transformations::KeepOrRemove::Keep,
    |                                                               ^^^^^^^^^^^^ could not find `KeepOrRemove` in `transformations`

error[E0433]: failed to resolve: could not find `KeepOrRemove` in `super`
  --> mbf-fastq-processor/src/transformations/filters/by_tag.rs:47:49
   |
47 |         if self.keep_or_remove == super::super::KeepOrRemove::Remove {
   |                                                 ^^^^^^^^^^^^ could not find `KeepOrRemove` in `super`

error[E0405]: cannot find trait `VerifyFromToml` in this scope
  --> mbf-fastq-processor/src/config/input.rs:53:6
   |
53 | impl VerifyFromToml for PartialInput {
   |      ^^^^^^^^^^^^^^ not found in this scope

error[E0405]: cannot find trait `VerifyFromToml` in this scope
   --> mbf-fastq-processor/src/config/input.rs:104:6
    |
104 | impl VerifyFromToml for PartialInputOptions {
    |      ^^^^^^^^^^^^^^ not found in this scope

error[E0412]: cannot find type `CompressionFormat` in this scope
   --> mbf-fastq-processor/src/config/input.rs:387:10
    |
387 | #[derive(Copy, Clone, Debug, Default, PartialEq, Eq, JsonSchema)]
    |          ^^^^ not found in this scope

error[E0412]: cannot find type `CompressionFormat` in this scope
   --> mbf-fastq-processor/src/config/input.rs:387:16
    |
387 | #[derive(Copy, Clone, Debug, Default, PartialEq, Eq, JsonSchema)]
    |                ^^^^^ not found in this scope

error[E0412]: cannot find type `CompressionFormat` in this scope
   --> mbf-fastq-processor/src/config/input.rs:387:23
    |
387 | #[derive(Copy, Clone, Debug, Default, PartialEq, Eq, JsonSchema)]
    |                       ^^^^^ not found in this scope

error[E0412]: cannot find type `CompressionFormat` in this scope
   --> mbf-fastq-processor/src/config/input.rs:387:30
    |
387 | #[derive(Copy, Clone, Debug, Default, PartialEq, Eq, JsonSchema)]
    |                              ^^^^^^^ not found in this scope

error[E0412]: cannot find type `CompressionFormat` in this scope
   --> mbf-fastq-processor/src/config/input.rs:387:39
    |
387 | #[derive(Copy, Clone, Debug, Default, PartialEq, Eq, JsonSchema)]
    |                                       ^^^^^^^^^ not found in this scope

error[E0412]: cannot find type `CompressionFormat` in this scope
   --> mbf-fastq-processor/src/config/input.rs:387:50
    |
387 | #[derive(Copy, Clone, Debug, Default, PartialEq, Eq, JsonSchema)]
    |                                                  ^^ not found in this scope

error[E0412]: cannot find type `CompressionFormat` in this scope
   --> mbf-fastq-processor/src/config/input.rs:389:10
    |
389 | pub enum CompressionFormat {
    |          ^^^^^^^^^^^^^^^^^ not found in this scope

error[E0412]: cannot find type `CompressionFormat` in this scope
   --> mbf-fastq-processor/src/config/input.rs:426:22
    |
426 |         compression: CompressionFormat,
    |                      ^^^^^^^^^^^^^^^^^ not found in this scope

error[E0412]: cannot find type `CompressionFormat` in this scope
   --> mbf-fastq-processor/src/config/input.rs:444:6
    |
444 | impl CompressionFormat {
    |      ^^^^^^^^^^^^^^^^^ not found in this scope

error[E0412]: cannot find type `CompressionFormat` in this scope
   --> mbf-fastq-processor/src/config/input.rs:457:18
    |
457 |     compression: CompressionFormat,
    |                  ^^^^^^^^^^^^^^^^^ not found in this scope

error[E0412]: cannot find type `Options` in this scope
  --> mbf-fastq-processor/src/config/options.rs:78:12
   |
78 | pub struct Options {
   |            ^^^^^^^ help: an enum with a similar name exists: `Option`
   |
  --> /rustc/ded5c06cf21d2b93bffd5d884aa6e96934ee4234/library/core/src/option.rs:599:1
   |
   = note: similarly named enum `Option` defined here

error[E0405]: cannot find trait `VerifyFromToml` in this scope
   --> mbf-fastq-processor/src/config/options.rs:100:6
    |
100 | impl VerifyFromToml for PartialOptions {
    |      ^^^^^^^^^^^^^^ not found in this scope

error[E0412]: cannot find type `PartialOptions` in this scope
   --> mbf-fastq-processor/src/config/options.rs:100:25
    |
100 | impl VerifyFromToml for PartialOptions {
    |                         ^^^^^^^^^^^^^^ not found in this scope

error[E0412]: cannot find type `Options` in this scope
   --> mbf-fastq-processor/src/config/options.rs:119:18
    |
119 | impl Default for Options {
    |                  ^^^^^^^ help: an enum with a similar name exists: `Option`
    |
   --> /rustc/ded5c06cf21d2b93bffd5d884aa6e96934ee4234/library/core/src/option.rs:599:1
    |
    = note: similarly named enum `Option` defined here

error[E0422]: cannot find struct, variant or union type `Options` in this scope
   --> mbf-fastq-processor/src/config/options.rs:121:9
    |
121 |         Options {
    |         ^^^^^^^ not found in this scope

error[E0405]: cannot find trait `VerifyFromToml` in this scope
  --> mbf-fastq-processor/src/config/output.rs:53:6
   |
53 | impl VerifyFromToml for PartialOutput {
   |      ^^^^^^^^^^^^^^ not found in this scope

error[E0412]: cannot find type `Segment` in this scope
 --> mbf-fastq-processor/src/config/segments.rs:5:10
  |
5 | #[derive(Clone, Eq, PartialEq, JsonSchema)]
  |          ^^^^^ not found in this scope
  |
help: consider importing this enum
  |
1 + use eserde::path::Segment;
  |

error[E0425]: cannot find function, tuple struct or tuple variant `Segment` in this scope
 --> mbf-fastq-processor/src/config/segments.rs:5:10
  |
5 | #[derive(Clone, Eq, PartialEq, JsonSchema)]
  |          ^^^^^ not found in this scope
  |
help: consider importing one of these tuple variants
  |
1 + use crate::transformations::ResolvedSourceAll::Segment;
  |
1 + use crate::transformations::ResolvedSourceNoAll::Segment;
  |

error[E0412]: cannot find type `Segment` in this scope
 --> mbf-fastq-processor/src/config/segments.rs:5:17
  |
5 | #[derive(Clone, Eq, PartialEq, JsonSchema)]
  |                 ^^ not found in this scope
  |
help: consider importing this enum
  |
1 + use eserde::path::Segment;
  |

error[E0412]: cannot find type `Segment` in this scope
 --> mbf-fastq-processor/src/config/segments.rs:5:21
  |
5 | #[derive(Clone, Eq, PartialEq, JsonSchema)]
  |                     ^^^^^^^^^ not found in this scope
  |
help: consider importing this enum
  |
1 + use eserde::path::Segment;
  |

error[E0412]: cannot find type `Segment` in this scope
 --> mbf-fastq-processor/src/config/segments.rs:8:12
  |
8 | pub struct Segment(pub String);
  |            ^^^^^^^ not found in this scope
  |
help: consider importing this enum
  |
1 + use eserde::path::Segment;
  |

error[E0412]: cannot find type `Segment` in this scope
  --> mbf-fastq-processor/src/config/segments.rs:11:18
   |
11 | impl Default for Segment {
   |                  ^^^^^^^ not found in this scope
   |
help: consider importing this enum
   |
 1 + use eserde::path::Segment;
   |

error[E0425]: cannot find function, tuple struct or tuple variant `Segment` in this scope
  --> mbf-fastq-processor/src/config/segments.rs:13:9
   |
13 |         Segment(":::first_and_only_segment".to_string())
   |         ^^^^^^^ not found in this scope
   |
help: consider importing one of these tuple variants
   |
 1 + use crate::transformations::ResolvedSourceAll::Segment;
   |
 1 + use crate::transformations::ResolvedSourceNoAll::Segment;
   |

error[E0412]: cannot find type `SegmentOrAll` in this scope
  --> mbf-fastq-processor/src/config/segments.rs:17:10
   |
17 | #[derive(Clone, Eq, PartialEq, JsonSchema)]
   |          ^^^^^ not found in this scope

error[E0412]: cannot find type `SegmentOrAll` in this scope
  --> mbf-fastq-processor/src/config/segments.rs:17:17
   |
17 | #[derive(Clone, Eq, PartialEq, JsonSchema)]
   |                 ^^ not found in this scope

error[E0412]: cannot find type `SegmentOrAll` in this scope
  --> mbf-fastq-processor/src/config/segments.rs:17:21
   |
17 | #[derive(Clone, Eq, PartialEq, JsonSchema)]
   |                     ^^^^^^^^^ not found in this scope

error[E0412]: cannot find type `SegmentOrAll` in this scope
  --> mbf-fastq-processor/src/config/segments.rs:20:12
   |
20 | pub struct SegmentOrAll(pub String);
   |            ^^^^^^^^^^^^ not found in this scope

error[E0412]: cannot find type `SegmentOrAll` in this scope
  --> mbf-fastq-processor/src/config/segments.rs:22:18
   |
22 | impl Default for SegmentOrAll {
   |                  ^^^^^^^^^^^^ not found in this scope

error[E0412]: cannot find type `Segment` in this scope
  --> mbf-fastq-processor/src/config/segments.rs:37:6
   |
37 | impl Segment {
   |      ^^^^^^^ not found in this scope
   |
help: consider importing this enum
   |
 1 + use eserde::path::Segment;
   |

error[E0412]: cannot find type `SegmentOrAll` in this scope
  --> mbf-fastq-processor/src/config/segments.rs:66:6
   |
66 | impl SegmentOrAll {
   |      ^^^^^^^^^^^^ not found in this scope

error[E0412]: cannot find type `SegmentSequenceOrName` in this scope
   --> mbf-fastq-processor/src/config/segments.rs:112:10
    |
112 | #[derive(Clone, Eq, PartialEq, JsonSchema)]
    |          ^^^^^ not found in this scope

error[E0412]: cannot find type `SegmentSequenceOrName` in this scope
   --> mbf-fastq-processor/src/config/segments.rs:112:17
    |
112 | #[derive(Clone, Eq, PartialEq, JsonSchema)]
    |                 ^^ not found in this scope

error[E0412]: cannot find type `SegmentSequenceOrName` in this scope
   --> mbf-fastq-processor/src/config/segments.rs:112:21
    |
112 | #[derive(Clone, Eq, PartialEq, JsonSchema)]
    |                     ^^^^^^^^^ not found in this scope

error[E0412]: cannot find type `SegmentSequenceOrName` in this scope
   --> mbf-fastq-processor/src/config/segments.rs:115:12
    |
115 | pub struct SegmentSequenceOrName(pub String);
    |            ^^^^^^^^^^^^^^^^^^^^^ not found in this scope

error[E0412]: cannot find type `SegmentSequenceOrName` in this scope
   --> mbf-fastq-processor/src/config/segments.rs:129:6
    |
129 | impl SegmentSequenceOrName {
    |      ^^^^^^^^^^^^^^^^^^^^^ not found in this scope

error[E0412]: cannot find type `Config` in this scope
  --> mbf-fastq-processor/src/config.rs:43:49
   |
43 | pub fn config_from_string(toml: &str) -> Result<Config, DeserError<PartialConfig>> {
   |                                                 ^^^^^^ not found in this scope
   |
help: you might be missing a type parameter
   |
43 | pub fn config_from_string<Config>(toml: &str) -> Result<Config, DeserError<PartialConfig>> {
   |                          ++++++++

error[E0412]: cannot find type `PartialConfig` in this scope
  --> mbf-fastq-processor/src/config.rs:43:68
   |
43 | pub fn config_from_string(toml: &str) -> Result<Config, DeserError<PartialConfig>> {
   |                                                                    ^^^^^^^^^^^^^ not found in this scope
   |
help: you might be missing a type parameter
   |
43 | pub fn config_from_string<PartialConfig>(toml: &str) -> Result<Config, DeserError<PartialConfig>> {
   |                          +++++++++++++++

error[E0412]: cannot find type `Config` in this scope
   --> mbf-fastq-processor/src/config.rs:147:12
    |
147 | pub struct Config {
    |            ^^^^^^ not found in this scope

error[E0412]: cannot find type `Config` in this scope
   --> mbf-fastq-processor/src/config.rs:255:6
    |
255 | impl Config {
    |      ^^^^^^ not found in this scope

error[E0422]: cannot find struct, variant or union type `RegionDefinition` in module `crate::transformations`
   --> mbf-fastq-processor/src/config.rs:281:64
    |
281 |                     let regions = vec![crate::transformations::RegionDefinition {
    |                                                                ^^^^^^^^^^^^^^^^ not found in `crate::transformations`

error[E0405]: cannot find trait `VerifyFromToml` in this scope
    --> mbf-fastq-processor/src/config.rs:1292:6
     |
1292 | impl VerifyFromToml for PartialBarcodes {
     |      ^^^^^^^^^^^^^^ not found in this scope

error[E0412]: cannot find type `Anchor` in this scope
   --> mbf-fastq-processor/src/dna.rs:161:11
    |
161 | #[derive( Copy, Clone, JsonSchema)]
    |           ^^^^ not found in this scope

error[E0412]: cannot find type `Anchor` in this scope
   --> mbf-fastq-processor/src/dna.rs:161:17
    |
161 | #[derive( Copy, Clone, JsonSchema)]
    |                 ^^^^^ not found in this scope

error[E0412]: cannot find type `Anchor` in this scope
   --> mbf-fastq-processor/src/dna.rs:164:10
    |
164 | pub enum Anchor {
    |          ^^^^^^ not found in this scope

error[E0412]: cannot find type `Anchor` in this scope
   --> mbf-fastq-processor/src/dna.rs:176:13
    |
176 |     anchor: Anchor,
    |             ^^^^^^ not found in this scope

error[E0412]: cannot find type `Anchor` in this scope
   --> mbf-fastq-processor/src/dna.rs:236:13
    |
236 |     anchor: Anchor,
    |             ^^^^^^ not found in this scope

error[E0412]: cannot find type `PhredEncoding` in this scope
 --> mbf-fastq-processor/src/io/fileformats.rs:4:10
  |
4 | #[derive(Clone, PartialEq, Eq, Copy, JsonSchema)]
  |          ^^^^^ not found in this scope

error[E0412]: cannot find type `PhredEncoding` in this scope
 --> mbf-fastq-processor/src/io/fileformats.rs:4:17
  |
4 | #[derive(Clone, PartialEq, Eq, Copy, JsonSchema)]
  |                 ^^^^^^^^^ not found in this scope

error[E0412]: cannot find type `PhredEncoding` in this scope
 --> mbf-fastq-processor/src/io/fileformats.rs:4:28
  |
4 | #[derive(Clone, PartialEq, Eq, Copy, JsonSchema)]
  |                            ^^ not found in this scope

error[E0412]: cannot find type `PhredEncoding` in this scope
 --> mbf-fastq-processor/src/io/fileformats.rs:4:32
  |
4 | #[derive(Clone, PartialEq, Eq, Copy, JsonSchema)]
  |                                ^^^^ not found in this scope

error[E0412]: cannot find type `PhredEncoding` in this scope
 --> mbf-fastq-processor/src/io/fileformats.rs:7:10
  |
7 | pub enum PhredEncoding {
  |          ^^^^^^^^^^^^^ not found in this scope

error[E0412]: cannot find type `PhredEncoding` in this scope
  --> mbf-fastq-processor/src/io/fileformats.rs:17:6
   |
17 | impl PhredEncoding {
   |      ^^^^^^^^^^^^^ not found in this scope

error[E0405]: cannot find trait `VerifyFromToml` in this scope
  --> mbf-fastq-processor/src/transformations/calc/base_content.rs:47:6
   |
47 | impl VerifyFromToml for PartialBaseContent {
   |      ^^^^^^^^^^^^^^ not found in this scope

error[E0412]: cannot find type `Kmers` in this scope
  --> mbf-fastq-processor/src/transformations/calc/kmers.rs:12:10
   |
12 | #[derive(Clone, JsonSchema)]
   |          ^^^^^ not found in this scope

error[E0422]: cannot find struct, variant or union type `Kmers` in this scope
  --> mbf-fastq-processor/src/transformations/calc/kmers.rs:12:10
   |
12 | #[derive(Clone, JsonSchema)]
   |          ^^^^^ not found in this scope

error[E0412]: cannot find type `Kmers` in this scope
  --> mbf-fastq-processor/src/transformations/calc/kmers.rs:15:12
   |
15 | pub struct Kmers {
   |            ^^^^^ not found in this scope

error[E0405]: cannot find trait `VerifyFromToml` in this scope
  --> mbf-fastq-processor/src/transformations/calc/kmers.rs:41:6
   |
41 | impl VerifyFromToml for PartialKmers {
   |      ^^^^^^^^^^^^^^ not found in this scope

error[E0412]: cannot find type `PartialKmers` in this scope
  --> mbf-fastq-processor/src/transformations/calc/kmers.rs:41:25
   |
41 |   impl VerifyFromToml for PartialKmers {
   |                           ^^^^^^^^^^^^ help: a trait with a similar name exists: `PartialOrd`
   |
  --> /rustc/ded5c06cf21d2b93bffd5d884aa6e96934ee4234/library/core/src/cmp.rs:1354:1
  ::: /rustc/ded5c06cf21d2b93bffd5d884aa6e96934ee4234/library/core/src/cmp.rs:1355:41
   |
   = note: similarly named trait `PartialOrd` defined here

error[E0412]: cannot find type `Kmers` in this scope
  --> mbf-fastq-processor/src/transformations/calc/kmers.rs:51:15
   |
51 | impl Step for Kmers {
   |               ^^^^^ not found in this scope

error[E0412]: cannot find type `Operator` in this scope
  --> mbf-fastq-processor/src/transformations/calc/qualified_bases.rs:11:10
   |
11 | #[derive(Clone, Copy, PartialEq, Eq, JsonSchema)]
   |          ^^^^^ help: a trait with a similar name exists: `Iterator`
   |
  --> /rustc/ded5c06cf21d2b93bffd5d884aa6e96934ee4234/library/core/src/iter/traits/iterator.rs:40:1
   |
   = note: similarly named trait `Iterator` defined here

error[E0412]: cannot find type `Operator` in this scope
  --> mbf-fastq-processor/src/transformations/calc/qualified_bases.rs:11:17
   |
11 | #[derive(Clone, Copy, PartialEq, Eq, JsonSchema)]
   |                 ^^^^ help: a trait with a similar name exists: `Iterator`
   |
  --> /rustc/ded5c06cf21d2b93bffd5d884aa6e96934ee4234/library/core/src/iter/traits/iterator.rs:40:1
   |
   = note: similarly named trait `Iterator` defined here

error[E0412]: cannot find type `Operator` in this scope
  --> mbf-fastq-processor/src/transformations/calc/qualified_bases.rs:11:23
   |
11 | #[derive(Clone, Copy, PartialEq, Eq, JsonSchema)]
   |                       ^^^^^^^^^ help: a trait with a similar name exists: `Iterator`
   |
  --> /rustc/ded5c06cf21d2b93bffd5d884aa6e96934ee4234/library/core/src/iter/traits/iterator.rs:40:1
   |
   = note: similarly named trait `Iterator` defined here

error[E0412]: cannot find type `Operator` in this scope
  --> mbf-fastq-processor/src/transformations/calc/qualified_bases.rs:11:34
   |
11 | #[derive(Clone, Copy, PartialEq, Eq, JsonSchema)]
   |                                  ^^ help: a trait with a similar name exists: `Iterator`
   |
  --> /rustc/ded5c06cf21d2b93bffd5d884aa6e96934ee4234/library/core/src/iter/traits/iterator.rs:40:1
   |
   = note: similarly named trait `Iterator` defined here

error[E0412]: cannot find type `Operator` in this scope
  --> mbf-fastq-processor/src/transformations/calc/qualified_bases.rs:14:10
   |
14 | pub enum Operator {
   |          ^^^^^^^^ help: a trait with a similar name exists: `Iterator`
   |
  --> /rustc/ded5c06cf21d2b93bffd5d884aa6e96934ee4234/library/core/src/iter/traits/iterator.rs:40:1
   |
   = note: similarly named trait `Iterator` defined here

error[E0412]: cannot find type `QualifiedBases` in this scope
  --> mbf-fastq-processor/src/transformations/calc/qualified_bases.rs:38:10
   |
38 | #[derive(Clone, JsonSchema)]
   |          ^^^^^ not found in this scope

error[E0422]: cannot find struct, variant or union type `QualifiedBases` in this scope
  --> mbf-fastq-processor/src/transformations/calc/qualified_bases.rs:38:10
   |
38 | #[derive(Clone, JsonSchema)]
   |          ^^^^^ not found in this scope

error[E0412]: cannot find type `QualifiedBases` in this scope
  --> mbf-fastq-processor/src/transformations/calc/qualified_bases.rs:41:12
   |
41 | pub struct QualifiedBases {
   |            ^^^^^^^^^^^^^^ not found in this scope

error[E0412]: cannot find type `Operator` in this scope
  --> mbf-fastq-processor/src/transformations/calc/qualified_bases.rs:48:19
   |
48 |     pub operator: Operator,
   |                   ^^^^^^^^ help: a trait with a similar name exists: `Iterator`
   |
  --> /rustc/ded5c06cf21d2b93bffd5d884aa6e96934ee4234/library/core/src/iter/traits/iterator.rs:40:1
   |
   = note: similarly named trait `Iterator` defined here

error[E0405]: cannot find trait `VerifyFromToml` in this scope
  --> mbf-fastq-processor/src/transformations/calc/qualified_bases.rs:58:6
   |
58 | impl VerifyFromToml for PartialQualifiedBases {
   |      ^^^^^^^^^^^^^^ not found in this scope

error[E0412]: cannot find type `PartialQualifiedBases` in this scope
  --> mbf-fastq-processor/src/transformations/calc/qualified_bases.rs:58:25
   |
58 | impl VerifyFromToml for PartialQualifiedBases {
   |                         ^^^^^^^^^^^^^^^^^^^^^ not found in this scope

error[E0412]: cannot find type `QualifiedBases` in this scope
  --> mbf-fastq-processor/src/transformations/calc/qualified_bases.rs:73:15
   |
73 | impl Step for QualifiedBases {
   |               ^^^^^^^^^^^^^^ not found in this scope

error[E0412]: cannot find type `EvalExpression` in this scope
  --> mbf-fastq-processor/src/transformations/convert/eval_expression.rs:46:26
   |
46 | impl std::fmt::Debug for EvalExpression {
   |                          ^^^^^^^^^^^^^^ not found in this scope
   |
help: there is an enum variant `crate::transformations::PartialTransformation::EvalExpression` and 1 other; try using the variant's enum
   |
46 - impl std::fmt::Debug for EvalExpression {
46 + impl std::fmt::Debug for crate::transformations::PartialTransformation {
   |
46 - impl std::fmt::Debug for EvalExpression {
46 + impl std::fmt::Debug for crate::transformations::Transformation {
   |

error[E0412]: cannot find type `EvalExpression` in this scope
  --> mbf-fastq-processor/src/transformations/convert/eval_expression.rs:57:16
   |
57 | impl Clone for EvalExpression {
   |                ^^^^^^^^^^^^^^ not found in this scope
   |
help: there is an enum variant `crate::transformations::PartialTransformation::EvalExpression` and 1 other; try using the variant's enum
   |
57 - impl Clone for EvalExpression {
57 + impl Clone for crate::transformations::PartialTransformation {
   |
57 - impl Clone for EvalExpression {
57 + impl Clone for crate::transformations::Transformation {
   |

error[E0412]: cannot find type `EvalExpression` in this scope
  --> mbf-fastq-processor/src/transformations/convert/eval_expression.rs:71:15
   |
71 | impl Step for EvalExpression {
   |               ^^^^^^^^^^^^^^ not found in this scope
   |
help: there is an enum variant `crate::transformations::PartialTransformation::EvalExpression` and 1 other; try using the variant's enum
   |
71 - impl Step for EvalExpression {
71 + impl Step for crate::transformations::PartialTransformation {
   |
71 - impl Step for EvalExpression {
71 + impl Step for crate::transformations::Transformation {
   |

error[E0412]: cannot find type `Demultiplex` in this scope
  --> mbf-fastq-processor/src/transformations/demultiplex.rs:28:15
   |
28 | impl Step for Demultiplex {
   |               ^^^^^^^^^^^
   |
  ::: mbf-fastq-processor/src/transformations/prelude.rs:20:1
   |
20 | pub(crate) type DemultiplexTag = crate::demultiplex::Tag;
   | --------------------------------------------------------- similarly named type alias `DemultiplexTag` defined here
   |
help: there is an enum variant `crate::transformations::PartialTransformation::Demultiplex` and 1 other; try using the variant's enum
   |
28 - impl Step for Demultiplex {
28 + impl Step for crate::transformations::PartialTransformation {
   |
28 - impl Step for Demultiplex {
28 + impl Step for crate::transformations::Transformation {
   |
help: a type alias with a similar name exists
   |
28 | impl Step for DemultiplexTag {
   |                          +++

error[E0412]: cannot find type `_ChangeCase` in this scope
  --> mbf-fastq-processor/src/transformations/edits/_change_case.rs:21:10
   |
21 | #[derive(Clone, JsonSchema)]
   |          ^^^^^ not found in this scope

error[E0422]: cannot find struct, variant or union type `_ChangeCase` in this scope
  --> mbf-fastq-processor/src/transformations/edits/_change_case.rs:21:10
   |
21 | #[derive(Clone, JsonSchema)]
   |          ^^^^^ not found in this scope
   |
help: consider importing one of these variants
   |
 3 + use crate::transformations::PartialTransformation::_ChangeCase;
   |
 3 + use crate::transformations::Transformation::_ChangeCase;
   |

error[E0412]: cannot find type `_ChangeCase` in this scope
  --> mbf-fastq-processor/src/transformations/edits/_change_case.rs:24:12
   |
24 | pub struct _ChangeCase {
   |            ^^^^^^^^^^^ not found in this scope
   |
help: there is an enum variant `crate::transformations::PartialTransformation::_ChangeCase` and 1 other; try using the variant's enum
   |
24 - pub struct _ChangeCase {
24 + pub struct crate::transformations::PartialTransformation {
   |
24 - pub struct _ChangeCase {
24 + pub struct crate::transformations::Transformation {
   |

error[E0412]: cannot find type `_ChangeCase` in this scope
  --> mbf-fastq-processor/src/transformations/edits/_change_case.rs:40:6
   |
40 | impl _ChangeCase {
   |      ^^^^^^^^^^^ not found in this scope
   |
help: there is an enum variant `crate::transformations::PartialTransformation::_ChangeCase` and 1 other; try using the variant's enum
   |
40 - impl _ChangeCase {
40 + impl crate::transformations::PartialTransformation {
   |
40 - impl _ChangeCase {
40 + impl crate::transformations::Transformation {
   |

error[E0412]: cannot find type `_ChangeCase` in this scope
  --> mbf-fastq-processor/src/transformations/edits/_change_case.rs:51:15
   |
51 | impl Step for _ChangeCase {
   |               ^^^^^^^^^^^ not found in this scope
   |
help: there is an enum variant `crate::transformations::PartialTransformation::_ChangeCase` and 1 other; try using the variant's enum
   |
51 - impl Step for _ChangeCase {
51 + impl Step for crate::transformations::PartialTransformation {
   |
51 - impl Step for _ChangeCase {
51 + impl Step for crate::transformations::Transformation {
   |

error[E0412]: cannot find type `Lowercase` in this scope
 --> mbf-fastq-processor/src/transformations/edits/lowercase.rs:5:10
  |
5 | #[derive(Clone, JsonSchema)]
  |          ^^^^^ not found in this scope

error[E0422]: cannot find struct, variant or union type `Lowercase` in this scope
 --> mbf-fastq-processor/src/transformations/edits/lowercase.rs:5:10
  |
5 | #[derive(Clone, JsonSchema)]
  |          ^^^^^ not found in this scope
  |
help: consider importing one of these variants
  |
3 + use crate::transformations::PartialTransformation::Lowercase;
  |
3 + use crate::transformations::Transformation::Lowercase;
  |

error[E0412]: cannot find type `Lowercase` in this scope
 --> mbf-fastq-processor/src/transformations/edits/lowercase.rs:8:12
  |
8 | pub struct Lowercase {
  |            ^^^^^^^^^ not found in this scope
  |
help: there is an enum variant `crate::transformations::PartialTransformation::Lowercase` and 1 other; try using the variant's enum
  |
8 - pub struct Lowercase {
8 + pub struct crate::transformations::PartialTransformation {
  |
8 - pub struct Lowercase {
8 + pub struct crate::transformations::Transformation {
  |

error[E0412]: cannot find type `Lowercase` in this scope
  --> mbf-fastq-processor/src/transformations/edits/lowercase.rs:17:15
   |
17 | impl Step for Lowercase {
   |               ^^^^^^^^^ not found in this scope
   |
help: there is an enum variant `crate::transformations::PartialTransformation::Lowercase` and 1 other; try using the variant's enum
   |
17 - impl Step for Lowercase {
17 + impl Step for crate::transformations::PartialTransformation {
   |
17 - impl Step for Lowercase {
17 + impl Step for crate::transformations::Transformation {
   |

error[E0405]: cannot find trait `VerifyFromToml` in this scope
  --> mbf-fastq-processor/src/transformations/edits/postfix.rs:33:6
   |
33 | impl VerifyFromToml for PartialPostfix {
   |      ^^^^^^^^^^^^^^ not found in this scope

error[E0405]: cannot find trait `VerifyFromToml` in this scope
  --> mbf-fastq-processor/src/transformations/edits/prefix.rs:36:6
   |
36 | impl VerifyFromToml for PartialPrefix {
   |      ^^^^^^^^^^^^^^ not found in this scope

error[E0412]: cannot find type `Direction` in this scope
 --> mbf-fastq-processor/src/transformations/edits/trim_at_tag.rs:7:10
  |
7 | #[derive(Clone, Eq, PartialEq, Copy, JsonSchema)]
  |          ^^^^^ not found in this scope

error[E0412]: cannot find type `Direction` in this scope
 --> mbf-fastq-processor/src/transformations/edits/trim_at_tag.rs:7:17
  |
7 | #[derive(Clone, Eq, PartialEq, Copy, JsonSchema)]
  |                 ^^ not found in this scope

error[E0412]: cannot find type `Direction` in this scope
 --> mbf-fastq-processor/src/transformations/edits/trim_at_tag.rs:7:21
  |
7 | #[derive(Clone, Eq, PartialEq, Copy, JsonSchema)]
  |                     ^^^^^^^^^ not found in this scope

error[E0412]: cannot find type `Direction` in this scope
 --> mbf-fastq-processor/src/transformations/edits/trim_at_tag.rs:7:32
  |
7 | #[derive(Clone, Eq, PartialEq, Copy, JsonSchema)]
  |                                ^^^^ not found in this scope

error[E0412]: cannot find type `Direction` in this scope
  --> mbf-fastq-processor/src/transformations/edits/trim_at_tag.rs:10:10
   |
10 | pub enum Direction {
   |          ^^^^^^^^^ not found in this scope

error[E0412]: cannot find type `Direction` in this scope
  --> mbf-fastq-processor/src/transformations/edits/trim_at_tag.rs:23:16
   |
23 |     direction: Direction,
   |                ^^^^^^^^^ not found in this scope

error[E0412]: cannot find type `Direction` in this scope
  --> mbf-fastq-processor/src/transformations/edits/trim_at_tag.rs:23:16
   |
23 |     direction: Direction,
   |                ^^^^^^^^^ not found in this scope
   |
help: you might be missing a type parameter
   |
21 | pub struct TrimAtTag<Direction> {
   |                     +++++++++++

error[E0412]: cannot find type `Uppercase` in this scope
 --> mbf-fastq-processor/src/transformations/edits/uppercase.rs:5:11
  |
5 | #[derive( Clone, JsonSchema)]
  |           ^^^^^ not found in this scope

error[E0422]: cannot find struct, variant or union type `Uppercase` in this scope
 --> mbf-fastq-processor/src/transformations/edits/uppercase.rs:5:11
  |
5 | #[derive( Clone, JsonSchema)]
  |           ^^^^^ not found in this scope
  |
help: consider importing one of these variants
  |
3 + use crate::transformations::PartialTransformation::Uppercase;
  |
3 + use crate::transformations::Transformation::Uppercase;
  |

error[E0412]: cannot find type `Uppercase` in this scope
 --> mbf-fastq-processor/src/transformations/edits/uppercase.rs:8:12
  |
8 | pub struct Uppercase {
  |            ^^^^^^^^^ not found in this scope
  |
help: there is an enum variant `crate::transformations::PartialTransformation::Uppercase` and 1 other; try using the variant's enum
  |
8 - pub struct Uppercase {
8 + pub struct crate::transformations::PartialTransformation {
  |
8 - pub struct Uppercase {
8 + pub struct crate::transformations::Transformation {
  |

error[E0412]: cannot find type `Uppercase` in this scope
  --> mbf-fastq-processor/src/transformations/edits/uppercase.rs:16:15
   |
16 | impl Step for Uppercase {
   |               ^^^^^^^^^ not found in this scope
   |
help: there is an enum variant `crate::transformations::PartialTransformation::Uppercase` and 1 other; try using the variant's enum
   |
16 - impl Step for Uppercase {
16 + impl Step for crate::transformations::PartialTransformation {
   |
16 - impl Step for Uppercase {
16 + impl Step for crate::transformations::Transformation {
   |

error[E0412]: cannot find type `IUPAC` in this scope
  --> mbf-fastq-processor/src/transformations/extract/iupac.rs:17:11
   |
17 | #[derive( Clone, JsonSchema)]
   |           ^^^^^ not found in this scope

error[E0422]: cannot find struct, variant or union type `IUPAC` in this scope
  --> mbf-fastq-processor/src/transformations/extract/iupac.rs:17:11
   |
17 | #[derive( Clone, JsonSchema)]
   |           ^^^^^ not found in this scope

error[E0412]: cannot find type `IUPAC` in this scope
  --> mbf-fastq-processor/src/transformations/extract/iupac.rs:21:12
   |
21 | pub struct IUPAC {
   |            ^^^^^ not found in this scope

error[E0412]: cannot find type `IUPAC` in this scope
  --> mbf-fastq-processor/src/transformations/extract/iupac.rs:48:15
   |
48 | impl Step for IUPAC {
   |               ^^^^^ not found in this scope

error[E0412]: cannot find type `IUPACSuffix` in this scope
  --> mbf-fastq-processor/src/transformations/extract/iupac_suffix.rs:12:10
   |
12 | #[derive(Clone, JsonSchema)]
   |          ^^^^^ not found in this scope

error[E0422]: cannot find struct, variant or union type `IUPACSuffix` in this scope
  --> mbf-fastq-processor/src/transformations/extract/iupac_suffix.rs:12:10
   |
12 | #[derive(Clone, JsonSchema)]
   |          ^^^^^ not found in this scope

error[E0412]: cannot find type `IUPACSuffix` in this scope
  --> mbf-fastq-processor/src/transformations/extract/iupac_suffix.rs:15:12
   |
15 | pub struct IUPACSuffix {
   |            ^^^^^^^^^^^ not found in this scope

error[E0412]: cannot find type `IUPACSuffix` in this scope
  --> mbf-fastq-processor/src/transformations/extract/iupac_suffix.rs:32:6
   |
32 | impl IUPACSuffix {
   |      ^^^^^^^^^^^ not found in this scope

error[E0412]: cannot find type `IUPACSuffix` in this scope
  --> mbf-fastq-processor/src/transformations/extract/iupac_suffix.rs:53:15
   |
53 | impl Step for IUPACSuffix {
   |               ^^^^^^^^^^^ not found in this scope

error[E0412]: cannot find type `IUPACWithIndel` in this scope
  --> mbf-fastq-processor/src/transformations/extract/iupac_with_indel.rs:11:12
   |
11 | #[derive(  Clone, JsonSchema)]
   |            ^^^^^ not found in this scope

error[E0422]: cannot find struct, variant or union type `IUPACWithIndel` in this scope
  --> mbf-fastq-processor/src/transformations/extract/iupac_with_indel.rs:11:12
   |
11 | #[derive(  Clone, JsonSchema)]
   |            ^^^^^ not found in this scope

error[E0412]: cannot find type `IUPACWithIndel` in this scope
  --> mbf-fastq-processor/src/transformations/extract/iupac_with_indel.rs:15:12
   |
15 | pub struct IUPACWithIndel {
   |            ^^^^^^^^^^^^^^ not found in this scope

error[E0412]: cannot find type `IUPACWithIndel` in this scope
  --> mbf-fastq-processor/src/transformations/extract/iupac_with_indel.rs:36:15
   |
36 | impl Step for IUPACWithIndel {
   |               ^^^^^^^^^^^^^^ not found in this scope

error[E0405]: cannot find trait `VerifyFromToml` in this scope
  --> mbf-fastq-processor/src/transformations/extract/longest_poly_x.rs:33:6
   |
33 | impl VerifyFromToml for PartialLongestPolyX {
   |      ^^^^^^^^^^^^^^ not found in this scope

error[E0405]: cannot find trait `VerifyFromToml` in this scope
  --> mbf-fastq-processor/src/transformations/extract/low_quality_end.rs:25:6
   |
25 | impl VerifyFromToml for PartialLowQualityEnd {
   |      ^^^^^^^^^^^^^^ not found in this scope

error[E0405]: cannot find trait `VerifyFromToml` in this scope
  --> mbf-fastq-processor/src/transformations/extract/low_quality_start.rs:25:6
   |
25 | impl VerifyFromToml for PartialLowQualityStart {
   |      ^^^^^^^^^^^^^^ not found in this scope

error[E0405]: cannot find trait `VerifyFromToml` in this scope
  --> mbf-fastq-processor/src/transformations/extract/poly_tail.rs:30:6
   |
30 | impl VerifyFromToml for PartialPolyTail {
   |      ^^^^^^^^^^^^^^ not found in this scope

error[E0412]: cannot find type `Regex` in this scope
  --> mbf-fastq-processor/src/transformations/extract/regex.rs:22:10
   |
22 | #[derive(Clone, JsonSchema)]
   |          ^^^^^ not found in this scope
   |
help: consider importing one of these structs
   |
 3 + use regex::Regex;
   |
 3 + use regex::bytes::Regex;
   |

error[E0422]: cannot find struct, variant or union type `Regex` in this scope
   --> mbf-fastq-processor/src/transformations/extract/regex.rs:22:10
    |
 22 | #[derive(Clone, JsonSchema)]
    |          ^^^^^ not found in this scope
    |
note: variant `crate::cli::verify::ExpectedFailure::Regex` exists but is inaccessible
   --> mbf-fastq-processor/src/cli/verify.rs:685:5
    |
685 |     Regex(Regex),
    |     ^^^^^^^^^^^^ not accessible
help: consider importing one of these structs
    |
  3 + use regex::Regex;
    |
  3 + use regex::bytes::Regex;
    |

error[E0412]: cannot find type `Regex` in this scope
  --> mbf-fastq-processor/src/transformations/extract/regex.rs:25:12
   |
25 | pub struct Regex {
   |            ^^^^^ not found in this scope
   |
help: consider importing one of these structs
   |
 3 + use regex::Regex;
   |
 3 + use regex::bytes::Regex;
   |

error[E0405]: cannot find trait `VerifyFromToml` in this scope
  --> mbf-fastq-processor/src/transformations/extract/regex.rs:44:6
   |
44 | impl VerifyFromToml for PartialRegex {
   |      ^^^^^^^^^^^^^^ not found in this scope

error[E0412]: cannot find type `PartialRegex` in this scope
  --> mbf-fastq-processor/src/transformations/extract/regex.rs:44:25
   |
44 | impl VerifyFromToml for PartialRegex {
   |                         ^^^^^^^^^^^^ not found in this scope

error[E0412]: cannot find type `Regex` in this scope
  --> mbf-fastq-processor/src/transformations/extract/regex.rs:54:15
   |
54 | impl Step for Regex {
   |               ^^^^^ not found in this scope
   |
help: consider importing one of these structs
   |
 3 + use regex::Regex;
   |
 3 + use regex::bytes::Regex;
   |

error[E0412]: cannot find type `Region` in this scope
 --> mbf-fastq-processor/src/transformations/extract/region.rs:6:10
  |
6 | #[derive(Clone, JsonSchema)]
  |          ^^^^^ not found in this scope

error[E0422]: cannot find struct, variant or union type `Region` in this scope
 --> mbf-fastq-processor/src/transformations/extract/region.rs:6:10
  |
6 | #[derive(Clone, JsonSchema)]
  |          ^^^^^ not found in this scope

error[E0412]: cannot find type `Region` in this scope
 --> mbf-fastq-processor/src/transformations/extract/region.rs:9:12
  |
9 | pub struct Region {
  |            ^^^^^^ not found in this scope

error[E0412]: cannot find type `Region` in this scope
  --> mbf-fastq-processor/src/transformations/extract/region.rs:28:15
   |
28 | impl Step for Region {
   |               ^^^^^^ not found in this scope

error[E0405]: cannot find trait `VerifyFromToml` in this scope
  --> mbf-fastq-processor/src/transformations/extract/regions_of_low_quality.rs:28:6
   |
28 | impl VerifyFromToml for PartialRegionsOfLowQuality {
   |      ^^^^^^^^^^^^^^ not found in this scope

error[E0405]: cannot find trait `VerifyFromToml` in this scope
  --> mbf-fastq-processor/src/transformations/extract/tag/duplicates.rs:44:6
   |
44 | impl VerifyFromToml for PartialDuplicates {
   |      ^^^^^^^^^^^^^^ not found in this scope

error[E0405]: cannot find trait `VerifyFromToml` in this scope
  --> mbf-fastq-processor/src/transformations/extract/tag/other_file_by_name.rs:49:6
   |
49 | impl VerifyFromToml for PartialOtherFileByName {
   |      ^^^^^^^^^^^^^^ not found in this scope

error[E0412]: cannot find type `KeepOrRemove` in module `super::super`
  --> mbf-fastq-processor/src/transformations/filters/by_tag.rs:11:35
   |
11 |     keep_or_remove: super::super::KeepOrRemove,
   |                                   ^^^^^^^^^^^^ not found in `super::super`

error[E0412]: cannot find type `Inspect` in this scope
  --> mbf-fastq-processor/src/transformations/reports/inspect.rs:52:16
   |
52 | impl Clone for Inspect {
   |                ^^^^^^^ not found in this scope
   |
help: consider importing this struct
   |
 1 + use std::iter::Inspect;
   |

error[E0412]: cannot find type `Inspect` in this scope
  --> mbf-fastq-processor/src/transformations/reports/inspect.rs:59:26
   |
59 | impl std::fmt::Debug for Inspect {
   |                          ^^^^^^^ not found in this scope
   |
help: consider importing this struct
   |
 1 + use std::iter::Inspect;
   |

error[E0412]: cannot find type `Inspect` in this scope
  --> mbf-fastq-processor/src/transformations/reports/inspect.rs:76:15
   |
76 | impl Step for Inspect {
   |               ^^^^^^^ not found in this scope
   |
help: consider importing this struct
   |
 1 + use std::iter::Inspect;
   |

error[E0405]: cannot find trait `VerifyFromToml` in this scope
  --> mbf-fastq-processor/src/transformations/reports/progress.rs:41:6
   |
41 | impl VerifyFromToml for PartialProgress {
   |      ^^^^^^^^^^^^^^ not found in this scope

error[E0412]: cannot find type `Report` in this scope
  --> mbf-fastq-processor/src/transformations/reports/report.rs:10:10
   |
10 | #[derive(Clone, JsonSchema)]
   |          ^^^^^ not found in this scope
   |
help: consider importing one of these structs
   |
 1 + use std::error::Report;
   |
 1 + use human_panic::report::Report;
   |

error[E0422]: cannot find struct, variant or union type `Report` in this scope
  --> mbf-fastq-processor/src/transformations/reports/report.rs:10:10
   |
10 | #[derive(Clone, JsonSchema)]
   |          ^^^^^ not found in this scope
   |
help: consider importing one of these items
   |
 1 + use crate::transformations::PartialTransformation::Report;
   |
 1 + use crate::transformations::Transformation::Report;
   |
 1 + use std::error::Report;
   |
 1 + use human_panic::report::Report;
   |

error[E0412]: cannot find type `Report` in this scope
  --> mbf-fastq-processor/src/transformations/reports/report.rs:14:12
   |
14 | pub struct Report {
   |            ^^^^^^ not found in this scope
   |
help: consider importing one of these structs
   |
 1 + use std::error::Report;
   |
 1 + use human_panic::report::Report;
   |

error[E0405]: cannot find trait `VerifyFromToml` in this scope
  --> mbf-fastq-processor/src/transformations/reports/report.rs:40:6
   |
40 | impl VerifyFromToml for PartialReport {
   |      ^^^^^^^^^^^^^^ not found in this scope

error[E0412]: cannot find type `PartialReport` in this scope
  --> mbf-fastq-processor/src/transformations/reports/report.rs:40:25
   |
40 | impl VerifyFromToml for PartialReport {
   |                         ^^^^^^^^^^^^^ not found in this scope

error[E0412]: cannot find type `Report` in this scope
  --> mbf-fastq-processor/src/transformations/reports/report.rs:59:18
   |
59 | impl Default for Report {
   |                  ^^^^^^ not found in this scope
   |
help: consider importing one of these structs
   |
 1 + use std::error::Report;
   |
 1 + use human_panic::report::Report;
   |

error[E0412]: cannot find type `Report` in this scope
  --> mbf-fastq-processor/src/transformations/reports/report.rs:76:15
   |
76 | impl Step for Report {
   |               ^^^^^^ not found in this scope
   |
help: consider importing one of these structs
   |
 1 + use std::error::Report;
   |
 1 + use human_panic::report::Report;
   |

error[E0412]: cannot find type `ConcatTags` in this scope
  --> mbf-fastq-processor/src/transformations/tag/concat_tags.rs:37:10
   |
37 | #[derive(Clone, JsonSchema)]
   |          ^^^^^ not found in this scope

error[E0422]: cannot find struct, variant or union type `ConcatTags` in this scope
  --> mbf-fastq-processor/src/transformations/tag/concat_tags.rs:37:10
   |
37 | #[derive(Clone, JsonSchema)]
   |          ^^^^^ not found in this scope
   |
help: consider importing one of these variants
   |
 2 + use crate::transformations::PartialTransformation::ConcatTags;
   |
 2 + use crate::transformations::Transformation::ConcatTags;
   |

error[E0412]: cannot find type `ConcatTags` in this scope
  --> mbf-fastq-processor/src/transformations/tag/concat_tags.rs:61:15
   |
61 | impl Step for ConcatTags {
   |               ^^^^^^^^^^ not found in this scope
   |
help: there is an enum variant `crate::transformations::PartialTransformation::ConcatTags` and 1 other; try using the variant's enum
   |
61 - impl Step for ConcatTags {
61 + impl Step for crate::transformations::PartialTransformation {
   |
61 - impl Step for ConcatTags {
61 + impl Step for crate::transformations::Transformation {
   |

error[E0405]: cannot find trait `VerifyFromToml` in this scope
  --> mbf-fastq-processor/src/transformations/tag/quantify_tag.rs:34:6
   |
34 | impl VerifyFromToml for PartialQuantifyTag {
   |      ^^^^^^^^^^^^^^ not found in this scope

error[E0405]: cannot find trait `VerifyFromToml` in this scope
  --> mbf-fastq-processor/src/transformations/tag/replace_tag_with_letter.rs:20:6
   |
20 | impl VerifyFromToml for PartialReplaceTagWithLetter {
   |      ^^^^^^^^^^^^^^ not found in this scope

error[E0405]: cannot find trait `VerifyFromToml` in this scope
  --> mbf-fastq-processor/src/transformations/tag/store_tag_in_comment.rs:60:6
   |
60 | impl VerifyFromToml for PartialStoreTagInComment {
   |      ^^^^^^^^^^^^^^ not found in this scope

error[E0405]: cannot find trait `VerifyFromToml` in this scope
  --> mbf-fastq-processor/src/transformations/tag/store_tag_in_fastq.rs:65:6
   |
65 | impl VerifyFromToml for PartialStoreTagInFastQ {
   |      ^^^^^^^^^^^^^^ not found in this scope

error[E0405]: cannot find trait `VerifyFromToml` in this scope
  --> mbf-fastq-processor/src/transformations/tag/store_tag_location_in_comment.rs:43:6
   |
43 | impl VerifyFromToml for PartialStoreTagLocationInComment {
   |      ^^^^^^^^^^^^^^ not found in this scope

error[E0405]: cannot find trait `VerifyFromToml` in this scope
  --> mbf-fastq-processor/src/transformations/tag/store_tags_in_table.rs:40:6
   |
40 | impl VerifyFromToml for PartialStoreTagsInTable {
   |      ^^^^^^^^^^^^^^ not found in this scope

error[E0433]: failed to resolve: use of undeclared type `TomlValueState`
  --> mbf-fastq-processor/src/transformations/tag/store_tags_in_table.rs:56:13
   |
56 |             TomlValueState::Missing { key, parent_span } => {
   |             ^^^^^^^^^^^^^^ use of undeclared type `TomlValueState`
   |
help: consider importing this enum
   |
 2 + use toml_pretty_deser::TomlValueState;
   |

error[E0433]: failed to resolve: use of undeclared type `TomlValueState`
  --> mbf-fastq-processor/src/transformations/tag/store_tags_in_table.rs:59:13
   |
59 |             TomlValueState::Ok { span } => {
   |             ^^^^^^^^^^^^^^ use of undeclared type `TomlValueState`
   |
help: consider importing this enum
   |
 2 + use toml_pretty_deser::TomlValueState;
   |

error[E0412]: cannot find type `ValidateAllReadsSameLength` in this scope
  --> mbf-fastq-processor/src/transformations/validation/all_reads_same_length.rs:12:10
   |
12 | #[derive(Clone, JsonSchema)]
   |          ^^^^^ not found in this scope

error[E0422]: cannot find struct, variant or union type `ValidateAllReadsSameLength` in this scope
  --> mbf-fastq-processor/src/transformations/validation/all_reads_same_length.rs:12:10
   |
12 | #[derive(Clone, JsonSchema)]
   |          ^^^^^ not found in this scope
   |
help: consider importing one of these variants
   |
 3 + use crate::transformations::PartialTransformation::ValidateAllReadsSameLength;
   |
 3 + use crate::transformations::Transformation::ValidateAllReadsSameLength;
   |

error[E0412]: cannot find type `ValidateAllReadsSameLength` in this scope
  --> mbf-fastq-processor/src/transformations/validation/all_reads_same_length.rs:15:12
   |
15 | pub struct ValidateAllReadsSameLength {
   |            ^^^^^^^^^^^^^^^^^^^^^^^^^^ not found in this scope
   |
help: there is an enum variant `crate::transformations::PartialTransformation::ValidateAllReadsSameLength` and 1 other; try using the variant's enum
   |
15 - pub struct ValidateAllReadsSameLength {
15 + pub struct crate::transformations::PartialTransformation {
   |
15 - pub struct ValidateAllReadsSameLength {
15 + pub struct crate::transformations::Transformation {
   |

error[E0405]: cannot find trait `VerifyFromToml` in this scope
  --> mbf-fastq-processor/src/transformations/validation/all_reads_same_length.rs:32:6
   |
32 | impl VerifyFromToml for PartialValidateAllReadsSameLength {
   |      ^^^^^^^^^^^^^^ not found in this scope

error[E0412]: cannot find type `PartialValidateAllReadsSameLength` in this scope
  --> mbf-fastq-processor/src/transformations/validation/all_reads_same_length.rs:32:25
   |
32 | impl VerifyFromToml for PartialValidateAllReadsSameLength {
   |                         ^^^^^^^^^^^^^^^^^^^^^^^^^^^^^^^^^ not found in this scope

error[E0412]: cannot find type `ValidateAllReadsSameLength` in this scope
  --> mbf-fastq-processor/src/transformations/validation/all_reads_same_length.rs:42:15
   |
42 | impl Step for ValidateAllReadsSameLength {
   |               ^^^^^^^^^^^^^^^^^^^^^^^^^^ not found in this scope
   |
help: there is an enum variant `crate::transformations::PartialTransformation::ValidateAllReadsSameLength` and 1 other; try using the variant's enum
   |
42 - impl Step for ValidateAllReadsSameLength {
42 + impl Step for crate::transformations::PartialTransformation {
   |
42 - impl Step for ValidateAllReadsSameLength {
42 + impl Step for crate::transformations::Transformation {
   |

error[E0412]: cannot find type `ValidateAllReadsSameLength` in this scope
   --> mbf-fastq-processor/src/transformations/validation/all_reads_same_length.rs:137:6
    |
137 | impl ValidateAllReadsSameLength {
    |      ^^^^^^^^^^^^^^^^^^^^^^^^^^ not found in this scope
    |
help: there is an enum variant `crate::transformations::PartialTransformation::ValidateAllReadsSameLength` and 1 other; try using the variant's enum
    |
137 - impl ValidateAllReadsSameLength {
137 + impl crate::transformations::PartialTransformation {
    |
137 - impl ValidateAllReadsSameLength {
137 + impl crate::transformations::Transformation {
    |

error[E0412]: cannot find type `ValidateName` in this scope
 --> mbf-fastq-processor/src/transformations/validation/name.rs:6:10
  |
6 | #[derive(Clone, JsonSchema)]
  |          ^^^^^ not found in this scope

error[E0422]: cannot find struct, variant or union type `ValidateName` in this scope
 --> mbf-fastq-processor/src/transformations/validation/name.rs:6:10
  |
6 | #[derive(Clone, JsonSchema)]
  |          ^^^^^ not found in this scope
  |
help: consider importing one of these variants
  |
2 + use crate::transformations::PartialTransformation::ValidateName;
  |
2 + use crate::transformations::Transformation::ValidateName;
  |

error[E0412]: cannot find type `ValidateName` in this scope
 --> mbf-fastq-processor/src/transformations/validation/name.rs:9:12
  |
9 | pub struct ValidateName {
  |            ^^^^^^^^^^^^ not found in this scope
  |
help: there is an enum variant `crate::transformations::PartialTransformation::ValidateName` and 1 other; try using the variant's enum
  |
9 - pub struct ValidateName {
9 + pub struct crate::transformations::PartialTransformation {
  |
9 - pub struct ValidateName {
9 + pub struct crate::transformations::Transformation {
  |

error[E0405]: cannot find trait `VerifyFromToml` in this scope
  --> mbf-fastq-processor/src/transformations/validation/name.rs:15:6
   |
15 | impl VerifyFromToml for PartialValidateName {
   |      ^^^^^^^^^^^^^^ not found in this scope

error[E0412]: cannot find type `PartialValidateName` in this scope
  --> mbf-fastq-processor/src/transformations/validation/name.rs:15:25
   |
15 | impl VerifyFromToml for PartialValidateName {
   |                         ^^^^^^^^^^^^^^^^^^^ not found in this scope

error[E0412]: cannot find type `ValidateName` in this scope
  --> mbf-fastq-processor/src/transformations/validation/name.rs:31:15
   |
31 | impl Step for ValidateName {
   |               ^^^^^^^^^^^^ not found in this scope
   |
help: there is an enum variant `crate::transformations::PartialTransformation::ValidateName` and 1 other; try using the variant's enum
   |
31 - impl Step for ValidateName {
31 + impl Step for crate::transformations::PartialTransformation {
   |
31 - impl Step for ValidateName {
31 + impl Step for crate::transformations::Transformation {
   |

error[E0412]: cannot find type `SpotCheckReadPairing` in this scope
  --> mbf-fastq-processor/src/transformations/validation/spot_check_read_pairing.rs:17:12
   |
17 | pub struct SpotCheckReadPairing {
   |            ^^^^^^^^^^^^^^^^^^^^ not found in this scope
   |
help: there is an enum variant `crate::transformations::PartialTransformation::SpotCheckReadPairing` and 1 other; try using the variant's enum
   |
17 - pub struct SpotCheckReadPairing {
17 + pub struct crate::transformations::PartialTransformation {
   |
17 - pub struct SpotCheckReadPairing {
17 + pub struct crate::transformations::Transformation {
   |

error[E0405]: cannot find trait `VerifyFromToml` in this scope
  --> mbf-fastq-processor/src/transformations/validation/spot_check_read_pairing.rs:32:6
   |
32 | impl VerifyFromToml for PartialSpotCheckReadPairing {
   |      ^^^^^^^^^^^^^^ not found in this scope

error[E0412]: cannot find type `PartialSpotCheckReadPairing` in this scope
  --> mbf-fastq-processor/src/transformations/validation/spot_check_read_pairing.rs:32:25
   |
32 | impl VerifyFromToml for PartialSpotCheckReadPairing {
   |                         ^^^^^^^^^^^^^^^^^^^^^^^^^^^ not found in this scope

error[E0412]: cannot find type `SpotCheckReadPairing` in this scope
  --> mbf-fastq-processor/src/transformations/validation/spot_check_read_pairing.rs:49:18
   |
49 | impl Default for SpotCheckReadPairing {
   |                  ^^^^^^^^^^^^^^^^^^^^ not found in this scope
   |
help: there is an enum variant `crate::transformations::PartialTransformation::SpotCheckReadPairing` and 1 other; try using the variant's enum
   |
49 - impl Default for SpotCheckReadPairing {
49 + impl Default for crate::transformations::PartialTransformation {
   |
49 - impl Default for SpotCheckReadPairing {
49 + impl Default for crate::transformations::Transformation {
   |

error[E0412]: cannot find type `SpotCheckReadPairing` in this scope
  --> mbf-fastq-processor/src/transformations/validation/spot_check_read_pairing.rs:59:15
   |
59 | impl Step for SpotCheckReadPairing {
   |               ^^^^^^^^^^^^^^^^^^^^ not found in this scope
   |
help: there is an enum variant `crate::transformations::PartialTransformation::SpotCheckReadPairing` and 1 other; try using the variant's enum
   |
59 - impl Step for SpotCheckReadPairing {
59 + impl Step for crate::transformations::PartialTransformation {
   |
59 - impl Step for SpotCheckReadPairing {
59 + impl Step for crate::transformations::Transformation {
   |

error[E0412]: cannot find type `RegionDefinition` in this scope
  --> mbf-fastq-processor/src/transformations.rs:43:10
   |
43 | #[derive(Clone, JsonSchema)]
   |          ^^^^^ not found in this scope

error[E0422]: cannot find struct, variant or union type `RegionDefinition` in this scope
  --> mbf-fastq-processor/src/transformations.rs:43:10
   |
43 | #[derive(Clone, JsonSchema)]
   |          ^^^^^ not found in this scope

error[E0412]: cannot find type `RegionDefinition` in this scope
  --> mbf-fastq-processor/src/transformations.rs:46:12
   |
46 | pub struct RegionDefinition {
   |            ^^^^^^^^^^^^^^^^ not found in this scope

error[E0412]: cannot find type `RegionAnchor` in this scope
  --> mbf-fastq-processor/src/transformations.rs:59:17
   |
59 |     pub anchor: RegionAnchor,
   |                 ^^^^^^^^^^^^ not found in this scope

error[E0412]: cannot find type `RegionAnchor` in this scope
  --> mbf-fastq-processor/src/transformations.rs:62:10
   |
62 | #[derive(Clone, JsonSchema)]
   |          ^^^^^ not found in this scope

error[E0412]: cannot find type `RegionAnchor` in this scope
  --> mbf-fastq-processor/src/transformations.rs:65:10
   |
65 | pub enum RegionAnchor {
   |          ^^^^^^^^^^^^ not found in this scope

error[E0412]: cannot find type `KeepOrRemove` in this scope
   --> mbf-fastq-processor/src/transformations.rs:148:10
    |
148 | #[derive(Debug, Clone, PartialEq, Eq, Copy, JsonSchema)]
    |          ^^^^^ not found in this scope

error[E0412]: cannot find type `KeepOrRemove` in this scope
   --> mbf-fastq-processor/src/transformations.rs:148:17
    |
148 | #[derive(Debug, Clone, PartialEq, Eq, Copy, JsonSchema)]
    |                 ^^^^^ not found in this scope

error[E0412]: cannot find type `KeepOrRemove` in this scope
   --> mbf-fastq-processor/src/transformations.rs:148:24
    |
148 | #[derive(Debug, Clone, PartialEq, Eq, Copy, JsonSchema)]
    |                        ^^^^^^^^^ not found in this scope

error[E0412]: cannot find type `KeepOrRemove` in this scope
   --> mbf-fastq-processor/src/transformations.rs:148:35
    |
148 | #[derive(Debug, Clone, PartialEq, Eq, Copy, JsonSchema)]
    |                                   ^^ not found in this scope

error[E0412]: cannot find type `KeepOrRemove` in this scope
   --> mbf-fastq-processor/src/transformations.rs:148:39
    |
148 | #[derive(Debug, Clone, PartialEq, Eq, Copy, JsonSchema)]
    |                                       ^^^^ not found in this scope

error[E0412]: cannot find type `KeepOrRemove` in this scope
   --> mbf-fastq-processor/src/transformations.rs:150:10
    |
150 | pub enum KeepOrRemove {
    |          ^^^^^^^^^^^^ not found in this scope

error[E0412]: cannot find type `Demultiplex` in module `demultiplex`
   --> mbf-fastq-processor/src/transformations.rs:375:30
    |
375 |     Demultiplex(demultiplex::Demultiplex),
    |                              ^^^^^^^^^^^
    |
   ::: mbf-fastq-processor/src/transformations/prelude.rs:20:1
    |
 20 | pub(crate) type DemultiplexTag = crate::demultiplex::Tag;
    | --------------------------------------------------------- similarly named type alias `DemultiplexTag` defined here
    |
help: there is an enum variant `crate::transformations::PartialTransformation::Demultiplex` and 1 other; try using the variant's enum
    |
375 -     Demultiplex(demultiplex::Demultiplex),
375 +     Demultiplex(crate::transformations::PartialTransformation),
    |
375 -     Demultiplex(demultiplex::Demultiplex),
375 +     Demultiplex(crate::transformations::Transformation),
    |
help: a type alias with a similar name exists
    |
375 |     Demultiplex(demultiplex::DemultiplexTag),
    |                                         +++

error[E0412]: cannot find type `PartialCutStart` in this scope
   --> mbf-fastq-processor/src/transformations.rs:271:1
    |
271 | #[tpd(tag = "action")]
    | ^^^^^^^^^^^^^^^^^^^^^^ not found in this scope
    |
    = note: this error originates in the attribute macro `tpd` (in Nightly builds, run with -Z macro-backtrace for more info)
help: consider importing this struct through its public re-export
    |
  4 + use crate::transformations::edits::PartialCutStart;
    |

error[E0412]: cannot find type `PartialCutEnd` in this scope
   --> mbf-fastq-processor/src/transformations.rs:271:1
    |
271 | #[tpd(tag = "action")]
    | ^^^^^^^^^^^^^^^^^^^^^^ not found in this scope
    |
    = note: this error originates in the attribute macro `tpd` (in Nightly builds, run with -Z macro-backtrace for more info)
help: consider importing this struct through its public re-export
    |
  4 + use crate::transformations::edits::PartialCutEnd;
    |

error[E0412]: cannot find type `PartialTruncate` in this scope
   --> mbf-fastq-processor/src/transformations.rs:271:1
    |
271 | #[tpd(tag = "action")]
    | ^^^^^^^^^^^^^^^^^^^^^^ not found in this scope
    |
    = note: this error originates in the attribute macro `tpd` (in Nightly builds, run with -Z macro-backtrace for more info)
help: consider importing this struct through its public re-export
    |
  4 + use crate::transformations::edits::PartialTruncate;
    |

error[E0412]: cannot find type `PartialPrefix` in this scope
   --> mbf-fastq-processor/src/transformations.rs:271:1
    |
271 | #[tpd(tag = "action")]
    | ^^^^^^^^^^^^^^^^^^^^^^ not found in this scope
    |
    = note: this error originates in the attribute macro `tpd` (in Nightly builds, run with -Z macro-backtrace for more info)
help: consider importing this struct through its public re-export
    |
  4 + use crate::transformations::edits::PartialPrefix;
    |

error[E0412]: cannot find type `PartialPostfix` in this scope
   --> mbf-fastq-processor/src/transformations.rs:271:1
    |
271 | #[tpd(tag = "action")]
    | ^^^^^^^^^^^^^^^^^^^^^^ not found in this scope
    |
    = note: this error originates in the attribute macro `tpd` (in Nightly builds, run with -Z macro-backtrace for more info)
help: consider importing this struct through its public re-export
    |
  4 + use crate::transformations::edits::PartialPostfix;
    |

error[E0412]: cannot find type `PartialConvertQuality` in this scope
   --> mbf-fastq-processor/src/transformations.rs:271:1
    |
271 | #[tpd(tag = "action")]
    | ^^^^^^^^^^^^^^^^^^^^^^ not found in this scope
    |
    = note: this error originates in the attribute macro `tpd` (in Nightly builds, run with -Z macro-backtrace for more info)
help: consider importing this struct through its public re-export
    |
  4 + use crate::transformations::edits::PartialConvertQuality;
    |

error[E0412]: cannot find type `PartialReverseComplement` in this scope
   --> mbf-fastq-processor/src/transformations.rs:271:1
    |
271 | #[tpd(tag = "action")]
    | ^^^^^^^^^^^^^^^^^^^^^^ not found in this scope
    |
    = note: this error originates in the attribute macro `tpd` (in Nightly builds, run with -Z macro-backtrace for more info)
help: consider importing this struct through its public re-export
    |
  4 + use crate::transformations::edits::PartialReverseComplement;
    |

error[E0412]: cannot find type `PartialRename` in this scope
   --> mbf-fastq-processor/src/transformations.rs:271:1
    |
271 | #[tpd(tag = "action")]
    | ^^^^^^^^^^^^^^^^^^^^^^ not found in this scope
    |
    = note: this error originates in the attribute macro `tpd` (in Nightly builds, run with -Z macro-backtrace for more info)
help: consider importing this struct through its public re-export
    |
  4 + use crate::transformations::edits::PartialRename;
    |

error[E0412]: cannot find type `PartialSwap` in this scope
   --> mbf-fastq-processor/src/transformations.rs:271:1
    |
271 | #[tpd(tag = "action")]
    | ^^^^^^^^^^^^^^^^^^^^^^ not found in this scope
    |
    = note: this error originates in the attribute macro `tpd` (in Nightly builds, run with -Z macro-backtrace for more info)
help: consider importing this struct through its public re-export
    |
  4 + use crate::transformations::edits::PartialSwap;
    |

error[E0412]: cannot find type `PartialLowercase` in this scope
   --> mbf-fastq-processor/src/transformations.rs:271:1
    |
271 | #[tpd(tag = "action")]
    | ^^^^^^^^^^^^^^^^^^^^^^ not found in this scope
    |
    = note: this error originates in the attribute macro `tpd` (in Nightly builds, run with -Z macro-backtrace for more info)
help: you might be missing a type parameter
    |
273 | pub enum Transformation<PartialLowercase> {
    |                        ++++++++++++++++++

error[E0412]: cannot find type `PartialUppercase` in this scope
   --> mbf-fastq-processor/src/transformations.rs:271:1
    |
271 | #[tpd(tag = "action")]
    | ^^^^^^^^^^^^^^^^^^^^^^ not found in this scope
    |
    = note: this error originates in the attribute macro `tpd` (in Nightly builds, run with -Z macro-backtrace for more info)
help: you might be missing a type parameter
    |
273 | pub enum Transformation<PartialUppercase> {
    |                        ++++++++++++++++++

error[E0412]: cannot find type `Partial_ChangeCase` in this scope
   --> mbf-fastq-processor/src/transformations.rs:271:1
    |
271 | #[tpd(tag = "action")]
    | ^^^^^^^^^^^^^^^^^^^^^^ not found in this scope
    |
    = note: this error originates in the attribute macro `tpd` (in Nightly builds, run with -Z macro-backtrace for more info)
help: you might be missing a type parameter
    |
273 | pub enum Transformation<Partial_ChangeCase> {
    |                        ++++++++++++++++++++

error[E0412]: cannot find type `PartialTrimAtTag` in this scope
   --> mbf-fastq-processor/src/transformations.rs:271:1
    |
271 | #[tpd(tag = "action")]
    | ^^^^^^^^^^^^^^^^^^^^^^ not found in this scope
    |
    = note: this error originates in the attribute macro `tpd` (in Nightly builds, run with -Z macro-backtrace for more info)
help: consider importing this struct through its public re-export
    |
  4 + use crate::transformations::edits::PartialTrimAtTag;
    |

error[E0412]: cannot find type `PartialMergeReads` in this scope
   --> mbf-fastq-processor/src/transformations.rs:271:1
    |
271 | #[tpd(tag = "action")]
    | ^^^^^^^^^^^^^^^^^^^^^^ not found in this scope
    |
    = note: this error originates in the attribute macro `tpd` (in Nightly builds, run with -Z macro-backtrace for more info)
help: consider importing this struct through its public re-export
    |
  4 + use crate::transformations::edits::PartialMergeReads;
    |

error[E0412]: cannot find type `PartialByTag` in this scope
   --> mbf-fastq-processor/src/transformations.rs:271:1
    |
271 | #[tpd(tag = "action")]
    | ^^^^^^^^^^^^^^^^^^^^^^ not found in this scope
    |
    = note: this error originates in the attribute macro `tpd` (in Nightly builds, run with -Z macro-backtrace for more info)
help: consider importing this struct through its public re-export
    |
  4 + use crate::transformations::filters::PartialByTag;
    |

error[E0412]: cannot find type `PartialByNumericTag` in this scope
   --> mbf-fastq-processor/src/transformations.rs:271:1
    |
271 | #[tpd(tag = "action")]
    | ^^^^^^^^^^^^^^^^^^^^^^ not found in this scope
    |
    = note: this error originates in the attribute macro `tpd` (in Nightly builds, run with -Z macro-backtrace for more info)
help: consider importing this struct through its public re-export
    |
  4 + use crate::transformations::filters::PartialByNumericTag;
    |

error[E0412]: cannot find type `PartialHead` in this scope
   --> mbf-fastq-processor/src/transformations.rs:271:1
    |
271 |   #[tpd(tag = "action")]
    |   ^^^^^^^^^^^^^^^^^^^^^^
    |
   --> /rustc/ded5c06cf21d2b93bffd5d884aa6e96934ee4234/library/core/src/cmp.rs:1354:1
   ::: /rustc/ded5c06cf21d2b93bffd5d884aa6e96934ee4234/library/core/src/cmp.rs:1355:41
    |
    = note: similarly named trait `PartialOrd` defined here
    |
    = note: this error originates in the attribute macro `tpd` (in Nightly builds, run with -Z macro-backtrace for more info)
help: a trait with a similar name exists
    |
271 - #[tpd(tag = "action")]
271 + PartialOrd
    |
help: consider importing this struct through its public re-export
    |
  4 + use crate::transformations::filters::PartialHead;
    |

error[E0412]: cannot find type `PartialSkip` in this scope
   --> mbf-fastq-processor/src/transformations.rs:271:1
    |
271 | #[tpd(tag = "action")]
    | ^^^^^^^^^^^^^^^^^^^^^^ not found in this scope
    |
    = note: this error originates in the attribute macro `tpd` (in Nightly builds, run with -Z macro-backtrace for more info)
help: consider importing this struct through its public re-export
    |
  4 + use crate::transformations::filters::PartialSkip;
    |

error[E0412]: cannot find type `PartialEmpty` in this scope
   --> mbf-fastq-processor/src/transformations.rs:271:1
    |
271 | #[tpd(tag = "action")]
    | ^^^^^^^^^^^^^^^^^^^^^^
    |
   --> /rustc/ded5c06cf21d2b93bffd5d884aa6e96934ee4234/library/core/src/cmp.rs:251:1
    |
    = note: similarly named trait `PartialEq` defined here
    |
    = note: this error originates in the attribute macro `tpd` (in Nightly builds, run with -Z macro-backtrace for more info)
help: a trait with a similar name exists
    |
271 - #[tpd(tag = "action")]
271 + PartialEq
    |
help: consider importing this struct through its public re-export
    |
  4 + use crate::transformations::filters::PartialEmpty;
    |

error[E0412]: cannot find type `PartialSample` in this scope
   --> mbf-fastq-processor/src/transformations.rs:271:1
    |
271 | #[tpd(tag = "action")]
    | ^^^^^^^^^^^^^^^^^^^^^^ not found in this scope
    |
    = note: this error originates in the attribute macro `tpd` (in Nightly builds, run with -Z macro-backtrace for more info)
help: consider importing this struct through its public re-export
    |
  4 + use crate::transformations::filters::PartialSample;
    |

error[E0412]: cannot find type `PartialReservoirSample` in this scope
   --> mbf-fastq-processor/src/transformations.rs:271:1
    |
271 | #[tpd(tag = "action")]
    | ^^^^^^^^^^^^^^^^^^^^^^ not found in this scope
    |
    = note: this error originates in the attribute macro `tpd` (in Nightly builds, run with -Z macro-backtrace for more info)
help: consider importing this struct through its public re-export
    |
  4 + use crate::transformations::filters::PartialReservoirSample;
    |

error[E0412]: cannot find type `PartialSpotCheckReadPairing` in this scope
   --> mbf-fastq-processor/src/transformations.rs:271:1
    |
271 | #[tpd(tag = "action")]
    | ^^^^^^^^^^^^^^^^^^^^^^ not found in this scope
    |
    = note: this error originates in the attribute macro `tpd` (in Nightly builds, run with -Z macro-backtrace for more info)
help: you might be missing a type parameter
    |
273 | pub enum Transformation<PartialSpotCheckReadPairing> {
    |                        +++++++++++++++++++++++++++++

error[E0412]: cannot find type `PartialValidateSeq` in this scope
   --> mbf-fastq-processor/src/transformations.rs:271:1
    |
271 | #[tpd(tag = "action")]
    | ^^^^^^^^^^^^^^^^^^^^^^ not found in this scope
    |
    = note: this error originates in the attribute macro `tpd` (in Nightly builds, run with -Z macro-backtrace for more info)
help: consider importing this struct through its public re-export
    |
  4 + use crate::transformations::validation::PartialValidateSeq;
    |

error[E0412]: cannot find type `PartialValidateQuality` in this scope
   --> mbf-fastq-processor/src/transformations.rs:271:1
    |
271 | #[tpd(tag = "action")]
    | ^^^^^^^^^^^^^^^^^^^^^^ not found in this scope
    |
    = note: this error originates in the attribute macro `tpd` (in Nightly builds, run with -Z macro-backtrace for more info)
help: consider importing this struct through its public re-export
    |
  4 + use crate::transformations::validation::PartialValidateQuality;
    |

error[E0412]: cannot find type `PartialValidateName` in this scope
   --> mbf-fastq-processor/src/transformations.rs:271:1
    |
271 | #[tpd(tag = "action")]
    | ^^^^^^^^^^^^^^^^^^^^^^ not found in this scope
    |
    = note: this error originates in the attribute macro `tpd` (in Nightly builds, run with -Z macro-backtrace for more info)
help: you might be missing a type parameter
    |
273 | pub enum Transformation<PartialValidateName> {
    |                        +++++++++++++++++++++

error[E0412]: cannot find type `PartialValidateAllReadsSameLength` in this scope
   --> mbf-fastq-processor/src/transformations.rs:271:1
    |
271 | #[tpd(tag = "action")]
    | ^^^^^^^^^^^^^^^^^^^^^^ not found in this scope
    |
    = note: this error originates in the attribute macro `tpd` (in Nightly builds, run with -Z macro-backtrace for more info)
help: you might be missing a type parameter
    |
273 | pub enum Transformation<PartialValidateAllReadsSameLength> {
    |                        +++++++++++++++++++++++++++++++++++

error[E0412]: cannot find type `PartialIUPAC` in this scope
   --> mbf-fastq-processor/src/transformations.rs:271:1
    |
271 | #[tpd(tag = "action")]
    | ^^^^^^^^^^^^^^^^^^^^^^ not found in this scope
    |
    = note: this error originates in the attribute macro `tpd` (in Nightly builds, run with -Z macro-backtrace for more info)
help: you might be missing a type parameter
    |
273 | pub enum Transformation<PartialIUPAC> {
    |                        ++++++++++++++

error[E0412]: cannot find type `PartialIUPACWithIndel` in this scope
   --> mbf-fastq-processor/src/transformations.rs:271:1
    |
271 | #[tpd(tag = "action")]
    | ^^^^^^^^^^^^^^^^^^^^^^ not found in this scope
    |
    = note: this error originates in the attribute macro `tpd` (in Nightly builds, run with -Z macro-backtrace for more info)
help: you might be missing a type parameter
    |
273 | pub enum Transformation<PartialIUPACWithIndel> {
    |                        +++++++++++++++++++++++

error[E0412]: cannot find type `PartialRegex` in this scope
   --> mbf-fastq-processor/src/transformations.rs:271:1
    |
271 | #[tpd(tag = "action")]
    | ^^^^^^^^^^^^^^^^^^^^^^ not found in this scope
    |
    = note: this error originates in the attribute macro `tpd` (in Nightly builds, run with -Z macro-backtrace for more info)
help: you might be missing a type parameter
    |
273 | pub enum Transformation<PartialRegex> {
    |                        ++++++++++++++

error[E0412]: cannot find type `PartialRegion` in this scope
   --> mbf-fastq-processor/src/transformations.rs:271:1
    |
271 | #[tpd(tag = "action")]
    | ^^^^^^^^^^^^^^^^^^^^^^ not found in this scope
    |
    = note: this error originates in the attribute macro `tpd` (in Nightly builds, run with -Z macro-backtrace for more info)
help: you might be missing a type parameter
    |
273 | pub enum Transformation<PartialRegion> {
    |                        +++++++++++++++

error[E0412]: cannot find type `PartialRegions` in this scope
   --> mbf-fastq-processor/src/transformations.rs:271:1
    |
271 | #[tpd(tag = "action")]
    | ^^^^^^^^^^^^^^^^^^^^^^ not found in this scope
    |
    = note: this error originates in the attribute macro `tpd` (in Nightly builds, run with -Z macro-backtrace for more info)
help: consider importing this struct through its public re-export
    |
  4 + use crate::transformations::extract::PartialRegions;
    |

error[E0412]: cannot find type `PartialLength` in this scope
   --> mbf-fastq-processor/src/transformations.rs:271:1
    |
271 | #[tpd(tag = "action")]
    | ^^^^^^^^^^^^^^^^^^^^^^ not found in this scope
    |
    = note: this error originates in the attribute macro `tpd` (in Nightly builds, run with -Z macro-backtrace for more info)
help: consider importing this struct through its public re-export
    |
  4 + use crate::transformations::calc::PartialLength;
    |

error[E0412]: cannot find type `PartialBaseContent` in this scope
   --> mbf-fastq-processor/src/transformations.rs:271:1
    |
271 | #[tpd(tag = "action")]
    | ^^^^^^^^^^^^^^^^^^^^^^ not found in this scope
    |
    = note: this error originates in the attribute macro `tpd` (in Nightly builds, run with -Z macro-backtrace for more info)
help: consider importing this struct through its public re-export
    |
  4 + use crate::transformations::calc::PartialBaseContent;
    |

error[E0412]: cannot find type `PartialGCContent` in this scope
   --> mbf-fastq-processor/src/transformations.rs:271:1
    |
271 | #[tpd(tag = "action")]
    | ^^^^^^^^^^^^^^^^^^^^^^ not found in this scope
    |
    = note: this error originates in the attribute macro `tpd` (in Nightly builds, run with -Z macro-backtrace for more info)
help: consider importing this struct through its public re-export
    |
  4 + use crate::transformations::calc::PartialGCContent;
    |

error[E0412]: cannot find type `PartialNCount` in this scope
   --> mbf-fastq-processor/src/transformations.rs:271:1
    |
271 | #[tpd(tag = "action")]
    | ^^^^^^^^^^^^^^^^^^^^^^ not found in this scope
    |
    = note: this error originates in the attribute macro `tpd` (in Nightly builds, run with -Z macro-backtrace for more info)
help: consider importing this struct through its public re-export
    |
  4 + use crate::transformations::calc::PartialNCount;
    |

error[E0412]: cannot find type `PartialComplexity` in this scope
   --> mbf-fastq-processor/src/transformations.rs:271:1
    |
271 | #[tpd(tag = "action")]
    | ^^^^^^^^^^^^^^^^^^^^^^ not found in this scope
    |
    = note: this error originates in the attribute macro `tpd` (in Nightly builds, run with -Z macro-backtrace for more info)
help: consider importing this struct through its public re-export
    |
  4 + use crate::transformations::calc::PartialComplexity;
    |

error[E0412]: cannot find type `PartialQualifiedBases` in this scope
   --> mbf-fastq-processor/src/transformations.rs:271:1
    |
271 | #[tpd(tag = "action")]
    | ^^^^^^^^^^^^^^^^^^^^^^ not found in this scope
    |
    = note: this error originates in the attribute macro `tpd` (in Nightly builds, run with -Z macro-backtrace for more info)
help: you might be missing a type parameter
    |
273 | pub enum Transformation<PartialQualifiedBases> {
    |                        +++++++++++++++++++++++

error[E0412]: cannot find type `PartialExpectedError` in this scope
   --> mbf-fastq-processor/src/transformations.rs:271:1
    |
271 | #[tpd(tag = "action")]
    | ^^^^^^^^^^^^^^^^^^^^^^ not found in this scope
    |
    = note: this error originates in the attribute macro `tpd` (in Nightly builds, run with -Z macro-backtrace for more info)
help: consider importing this struct through its public re-export
    |
  4 + use crate::transformations::calc::PartialExpectedError;
    |

error[E0412]: cannot find type `PartialKmers` in this scope
   --> mbf-fastq-processor/src/transformations.rs:271:1
    |
271 |   #[tpd(tag = "action")]
    |   ^^^^^^^^^^^^^^^^^^^^^^
    |
   --> /rustc/ded5c06cf21d2b93bffd5d884aa6e96934ee4234/library/core/src/cmp.rs:1354:1
   ::: /rustc/ded5c06cf21d2b93bffd5d884aa6e96934ee4234/library/core/src/cmp.rs:1355:41
    |
    = note: similarly named trait `PartialOrd` defined here
    |
    = note: this error originates in the attribute macro `tpd` (in Nightly builds, run with -Z macro-backtrace for more info)
help: a trait with a similar name exists
    |
271 - #[tpd(tag = "action")]
271 + PartialOrd
    |
help: you might be missing a type parameter
    |
273 | pub enum Transformation<PartialKmers> {
    |                        ++++++++++++++

error[E0412]: cannot find type `PartialRegionsToLength` in this scope
   --> mbf-fastq-processor/src/transformations.rs:271:1
    |
271 | #[tpd(tag = "action")]
    | ^^^^^^^^^^^^^^^^^^^^^^ not found in this scope
    |
    = note: this error originates in the attribute macro `tpd` (in Nightly builds, run with -Z macro-backtrace for more info)
help: consider importing this struct through its public re-export
    |
  4 + use crate::transformations::convert::PartialRegionsToLength;
    |

error[E0412]: cannot find type `PartialEvalExpression` in this scope
   --> mbf-fastq-processor/src/transformations.rs:271:1
    |
271 | #[tpd(tag = "action")]
    | ^^^^^^^^^^^^^^^^^^^^^^ not found in this scope
    |
    = note: this error originates in the attribute macro `tpd` (in Nightly builds, run with -Z macro-backtrace for more info)
help: you might be missing a type parameter
    |
273 | pub enum Transformation<PartialEvalExpression> {
    |                        +++++++++++++++++++++++

error[E0412]: cannot find type `PartialRegionsOfLowQuality` in this scope
   --> mbf-fastq-processor/src/transformations.rs:271:1
    |
271 | #[tpd(tag = "action")]
    | ^^^^^^^^^^^^^^^^^^^^^^ not found in this scope
    |
    = note: this error originates in the attribute macro `tpd` (in Nightly builds, run with -Z macro-backtrace for more info)
help: consider importing this struct through its public re-export
    |
  4 + use crate::transformations::extract::PartialRegionsOfLowQuality;
    |

error[E0412]: cannot find type `PartialLongestPolyX` in this scope
   --> mbf-fastq-processor/src/transformations.rs:271:1
    |
271 | #[tpd(tag = "action")]
    | ^^^^^^^^^^^^^^^^^^^^^^ not found in this scope
    |
    = note: this error originates in the attribute macro `tpd` (in Nightly builds, run with -Z macro-backtrace for more info)
help: consider importing this struct through its public re-export
    |
  4 + use crate::transformations::extract::PartialLongestPolyX;
    |

error[E0412]: cannot find type `PartialPolyTail` in this scope
   --> mbf-fastq-processor/src/transformations.rs:271:1
    |
271 | #[tpd(tag = "action")]
    | ^^^^^^^^^^^^^^^^^^^^^^ not found in this scope
    |
    = note: this error originates in the attribute macro `tpd` (in Nightly builds, run with -Z macro-backtrace for more info)
help: consider importing this struct through its public re-export
    |
  4 + use crate::transformations::extract::PartialPolyTail;
    |

error[E0412]: cannot find type `PartialIUPACSuffix` in this scope
   --> mbf-fastq-processor/src/transformations.rs:271:1
    |
271 | #[tpd(tag = "action")]
    | ^^^^^^^^^^^^^^^^^^^^^^ not found in this scope
    |
    = note: this error originates in the attribute macro `tpd` (in Nightly builds, run with -Z macro-backtrace for more info)
help: you might be missing a type parameter
    |
273 | pub enum Transformation<PartialIUPACSuffix> {
    |                        ++++++++++++++++++++

error[E0412]: cannot find type `PartialLowQualityStart` in this scope
   --> mbf-fastq-processor/src/transformations.rs:271:1
    |
271 | #[tpd(tag = "action")]
    | ^^^^^^^^^^^^^^^^^^^^^^ not found in this scope
    |
    = note: this error originates in the attribute macro `tpd` (in Nightly builds, run with -Z macro-backtrace for more info)
help: consider importing this struct through its public re-export
    |
  4 + use crate::transformations::extract::PartialLowQualityStart;
    |

error[E0412]: cannot find type `PartialLowQualityEnd` in this scope
   --> mbf-fastq-processor/src/transformations.rs:271:1
    |
271 | #[tpd(tag = "action")]
    | ^^^^^^^^^^^^^^^^^^^^^^ not found in this scope
    |
    = note: this error originates in the attribute macro `tpd` (in Nightly builds, run with -Z macro-backtrace for more info)
help: consider importing this struct through its public re-export
    |
  4 + use crate::transformations::extract::PartialLowQualityEnd;
    |

error[E0412]: cannot find type `PartialDuplicates` in this scope
   --> mbf-fastq-processor/src/transformations.rs:271:1
    |
271 | #[tpd(tag = "action")]
    | ^^^^^^^^^^^^^^^^^^^^^^ not found in this scope
    |
    = note: this error originates in the attribute macro `tpd` (in Nightly builds, run with -Z macro-backtrace for more info)
help: consider importing this struct through its public re-export
    |
  4 + use crate::transformations::extract::tag::PartialDuplicates;
    |

error[E0412]: cannot find type `PartialOtherFileByName` in this scope
   --> mbf-fastq-processor/src/transformations.rs:271:1
    |
271 | #[tpd(tag = "action")]
    | ^^^^^^^^^^^^^^^^^^^^^^ not found in this scope
    |
    = note: this error originates in the attribute macro `tpd` (in Nightly builds, run with -Z macro-backtrace for more info)
help: consider importing this struct through its public re-export
    |
  4 + use crate::transformations::extract::tag::PartialOtherFileByName;
    |

error[E0412]: cannot find type `PartialOtherFileBySequence` in this scope
   --> mbf-fastq-processor/src/transformations.rs:271:1
    |
271 | #[tpd(tag = "action")]
    | ^^^^^^^^^^^^^^^^^^^^^^ not found in this scope
    |
    = note: this error originates in the attribute macro `tpd` (in Nightly builds, run with -Z macro-backtrace for more info)
help: consider importing this struct through its public re-export
    |
  4 + use crate::transformations::extract::tag::PartialOtherFileBySequence;
    |

error[E0412]: cannot find type `PartialStoreTagInSequence` in this scope
   --> mbf-fastq-processor/src/transformations.rs:271:1
    |
271 | #[tpd(tag = "action")]
    | ^^^^^^^^^^^^^^^^^^^^^^ not found in this scope
    |
    = note: this error originates in the attribute macro `tpd` (in Nightly builds, run with -Z macro-backtrace for more info)
help: consider importing this struct through its public re-export
    |
  4 + use crate::transformations::tag::PartialStoreTagInSequence;
    |

error[E0412]: cannot find type `PartialReplaceTagWithLetter` in this scope
   --> mbf-fastq-processor/src/transformations.rs:271:1
    |
271 | #[tpd(tag = "action")]
    | ^^^^^^^^^^^^^^^^^^^^^^ not found in this scope
    |
    = note: this error originates in the attribute macro `tpd` (in Nightly builds, run with -Z macro-backtrace for more info)
help: consider importing this struct through its public re-export
    |
  4 + use crate::transformations::tag::PartialReplaceTagWithLetter;
    |

error[E0412]: cannot find type `PartialConcatTags` in this scope
   --> mbf-fastq-processor/src/transformations.rs:271:1
    |
271 | #[tpd(tag = "action")]
    | ^^^^^^^^^^^^^^^^^^^^^^ not found in this scope
    |
    = note: this error originates in the attribute macro `tpd` (in Nightly builds, run with -Z macro-backtrace for more info)
help: you might be missing a type parameter
    |
273 | pub enum Transformation<PartialConcatTags> {
    |                        +++++++++++++++++++

error[E0412]: cannot find type `PartialForgetAllTags` in this scope
   --> mbf-fastq-processor/src/transformations.rs:271:1
    |
271 | #[tpd(tag = "action")]
    | ^^^^^^^^^^^^^^^^^^^^^^ not found in this scope
    |
    = note: this error originates in the attribute macro `tpd` (in Nightly builds, run with -Z macro-backtrace for more info)
help: consider importing this struct through its public re-export
    |
  4 + use crate::transformations::tag::PartialForgetAllTags;
    |

error[E0412]: cannot find type `PartialForgetTag` in this scope
   --> mbf-fastq-processor/src/transformations.rs:271:1
    |
271 | #[tpd(tag = "action")]
    | ^^^^^^^^^^^^^^^^^^^^^^ not found in this scope
    |
    = note: this error originates in the attribute macro `tpd` (in Nightly builds, run with -Z macro-backtrace for more info)
help: consider importing this struct through its public re-export
    |
  4 + use crate::transformations::tag::PartialForgetTag;
    |

error[E0412]: cannot find type `PartialStoreTagInComment` in this scope
   --> mbf-fastq-processor/src/transformations.rs:271:1
    |
271 | #[tpd(tag = "action")]
    | ^^^^^^^^^^^^^^^^^^^^^^ not found in this scope
    |
    = note: this error originates in the attribute macro `tpd` (in Nightly builds, run with -Z macro-backtrace for more info)
help: consider importing this struct through its public re-export
    |
  4 + use crate::transformations::tag::PartialStoreTagInComment;
    |

error[E0412]: cannot find type `PartialStoreTagInFastQ` in this scope
   --> mbf-fastq-processor/src/transformations.rs:271:1
    |
271 | #[tpd(tag = "action")]
    | ^^^^^^^^^^^^^^^^^^^^^^ not found in this scope
    |
    = note: this error originates in the attribute macro `tpd` (in Nightly builds, run with -Z macro-backtrace for more info)
help: consider importing this struct through its public re-export
    |
  4 + use crate::transformations::tag::PartialStoreTagInFastQ;
    |

error[E0412]: cannot find type `PartialStoreTagLocationInComment` in this scope
   --> mbf-fastq-processor/src/transformations.rs:271:1
    |
271 | #[tpd(tag = "action")]
    | ^^^^^^^^^^^^^^^^^^^^^^ not found in this scope
    |
    = note: this error originates in the attribute macro `tpd` (in Nightly builds, run with -Z macro-backtrace for more info)
help: consider importing this struct through its public re-export
    |
  4 + use crate::transformations::tag::PartialStoreTagLocationInComment;
    |

error[E0412]: cannot find type `PartialStoreTagsInTable` in this scope
   --> mbf-fastq-processor/src/transformations.rs:271:1
    |
271 | #[tpd(tag = "action")]
    | ^^^^^^^^^^^^^^^^^^^^^^ not found in this scope
    |
    = note: this error originates in the attribute macro `tpd` (in Nightly builds, run with -Z macro-backtrace for more info)
help: consider importing this struct through its public re-export
    |
  4 + use crate::transformations::tag::PartialStoreTagsInTable;
    |

error[E0412]: cannot find type `PartialQuantifyTag` in this scope
   --> mbf-fastq-processor/src/transformations.rs:271:1
    |
271 | #[tpd(tag = "action")]
    | ^^^^^^^^^^^^^^^^^^^^^^ not found in this scope
    |
    = note: this error originates in the attribute macro `tpd` (in Nightly builds, run with -Z macro-backtrace for more info)
help: consider importing this struct through its public re-export
    |
  4 + use crate::transformations::tag::PartialQuantifyTag;
    |

error[E0412]: cannot find type `PartialProgress` in this scope
   --> mbf-fastq-processor/src/transformations.rs:271:1
    |
271 | #[tpd(tag = "action")]
    | ^^^^^^^^^^^^^^^^^^^^^^ not found in this scope
    |
    = note: this error originates in the attribute macro `tpd` (in Nightly builds, run with -Z macro-backtrace for more info)
help: consider importing this struct through its public re-export
    |
  4 + use crate::transformations::reports::PartialProgress;
    |

error[E0412]: cannot find type `PartialReport` in this scope
   --> mbf-fastq-processor/src/transformations.rs:271:1
    |
271 | #[tpd(tag = "action")]
    | ^^^^^^^^^^^^^^^^^^^^^^ not found in this scope
    |
    = note: this error originates in the attribute macro `tpd` (in Nightly builds, run with -Z macro-backtrace for more info)
help: you might be missing a type parameter
    |
273 | pub enum Transformation<PartialReport> {
    |                        +++++++++++++++

error[E0412]: cannot find type `PartialBox` in this scope
   --> mbf-fastq-processor/src/transformations.rs:271:1
    |
271 | #[tpd(tag = "action")]
    | ^^^^^^^^^^^^^^^^^^^^^^
    |
   --> /rustc/ded5c06cf21d2b93bffd5d884aa6e96934ee4234/library/core/src/cmp.rs:251:1
    |
    = note: similarly named trait `PartialEq` defined here
    |
    = note: this error originates in the attribute macro `tpd` (in Nightly builds, run with -Z macro-backtrace for more info)
help: a trait with a similar name exists
    |
271 - #[tpd(tag = "action")]
271 + PartialEq
    |
help: you might be missing a type parameter
    |
273 | pub enum Transformation<PartialBox> {
    |                        ++++++++++++

error[E0412]: cannot find type `PartialInspect` in this scope
   --> mbf-fastq-processor/src/transformations.rs:271:1
    |
271 | #[tpd(tag = "action")]
    | ^^^^^^^^^^^^^^^^^^^^^^ not found in this scope
    |
    = note: this error originates in the attribute macro `tpd` (in Nightly builds, run with -Z macro-backtrace for more info)
help: you might be missing a type parameter
    |
273 | pub enum Transformation<PartialInspect> {
    |                        ++++++++++++++++

error[E0412]: cannot find type `PartialDemultiplex` in this scope
   --> mbf-fastq-processor/src/transformations.rs:271:1
    |
271 | #[tpd(tag = "action")]
    | ^^^^^^^^^^^^^^^^^^^^^^
    |
   ::: mbf-fastq-processor/src/demultiplex.rs:219:1
    |
219 | pub enum OptDemultiplex {
    | ----------------------- similarly named enum `OptDemultiplex` defined here
    |
    = note: this error originates in the attribute macro `tpd` (in Nightly builds, run with -Z macro-backtrace for more info)
help: an enum with a similar name exists
    |
271 - #[tpd(tag = "action")]
271 + OptDemultiplex
    |
help: you might be missing a type parameter
    |
273 | pub enum Transformation<PartialDemultiplex> {
    |                        ++++++++++++++++++++

error[E0412]: cannot find type `PartialHammingCorrect` in this scope
   --> mbf-fastq-processor/src/transformations.rs:271:1
    |
271 | #[tpd(tag = "action")]
    | ^^^^^^^^^^^^^^^^^^^^^^ not found in this scope
    |
    = note: this error originates in the attribute macro `tpd` (in Nightly builds, run with -Z macro-backtrace for more info)
help: consider importing this struct
    |
  4 + use crate::transformations::hamming_correct::PartialHammingCorrect;
    |

error[E0412]: cannot find type `PartialLowercase` in this scope
   --> mbf-fastq-processor/src/transformations.rs:271:1
    |
271 | #[tpd(tag = "action")]
    | ^^^^^^^^^^^^^^^^^^^^^^ not found in this scope
    |
    = note: this error originates in the attribute macro `tpd` (in Nightly builds, run with -Z macro-backtrace for more info)

error[E0412]: cannot find type `PartialUppercase` in this scope
   --> mbf-fastq-processor/src/transformations.rs:271:1
    |
271 | #[tpd(tag = "action")]
    | ^^^^^^^^^^^^^^^^^^^^^^ not found in this scope
    |
    = note: this error originates in the attribute macro `tpd` (in Nightly builds, run with -Z macro-backtrace for more info)

error[E0412]: cannot find type `Partial_ChangeCase` in this scope
   --> mbf-fastq-processor/src/transformations.rs:271:1
    |
271 | #[tpd(tag = "action")]
    | ^^^^^^^^^^^^^^^^^^^^^^ not found in this scope
    |
    = note: this error originates in the attribute macro `tpd` (in Nightly builds, run with -Z macro-backtrace for more info)

error[E0412]: cannot find type `PartialSpotCheckReadPairing` in this scope
   --> mbf-fastq-processor/src/transformations.rs:271:1
    |
271 | #[tpd(tag = "action")]
    | ^^^^^^^^^^^^^^^^^^^^^^ not found in this scope
    |
    = note: this error originates in the attribute macro `tpd` (in Nightly builds, run with -Z macro-backtrace for more info)

error[E0412]: cannot find type `PartialValidateName` in this scope
   --> mbf-fastq-processor/src/transformations.rs:271:1
    |
271 | #[tpd(tag = "action")]
    | ^^^^^^^^^^^^^^^^^^^^^^ not found in this scope
    |
    = note: this error originates in the attribute macro `tpd` (in Nightly builds, run with -Z macro-backtrace for more info)

error[E0412]: cannot find type `PartialValidateAllReadsSameLength` in this scope
   --> mbf-fastq-processor/src/transformations.rs:271:1
    |
271 | #[tpd(tag = "action")]
    | ^^^^^^^^^^^^^^^^^^^^^^ not found in this scope
    |
    = note: this error originates in the attribute macro `tpd` (in Nightly builds, run with -Z macro-backtrace for more info)

error[E0412]: cannot find type `PartialIUPAC` in this scope
   --> mbf-fastq-processor/src/transformations.rs:271:1
    |
271 | #[tpd(tag = "action")]
    | ^^^^^^^^^^^^^^^^^^^^^^ not found in this scope
    |
    = note: this error originates in the attribute macro `tpd` (in Nightly builds, run with -Z macro-backtrace for more info)

error[E0412]: cannot find type `PartialIUPACWithIndel` in this scope
   --> mbf-fastq-processor/src/transformations.rs:271:1
    |
271 | #[tpd(tag = "action")]
    | ^^^^^^^^^^^^^^^^^^^^^^ not found in this scope
    |
    = note: this error originates in the attribute macro `tpd` (in Nightly builds, run with -Z macro-backtrace for more info)

error[E0412]: cannot find type `PartialRegex` in this scope
   --> mbf-fastq-processor/src/transformations.rs:271:1
    |
271 | #[tpd(tag = "action")]
    | ^^^^^^^^^^^^^^^^^^^^^^ not found in this scope
    |
    = note: this error originates in the attribute macro `tpd` (in Nightly builds, run with -Z macro-backtrace for more info)

error[E0412]: cannot find type `PartialRegion` in this scope
   --> mbf-fastq-processor/src/transformations.rs:271:1
    |
271 | #[tpd(tag = "action")]
    | ^^^^^^^^^^^^^^^^^^^^^^ not found in this scope
    |
    = note: this error originates in the attribute macro `tpd` (in Nightly builds, run with -Z macro-backtrace for more info)

error[E0412]: cannot find type `PartialQualifiedBases` in this scope
   --> mbf-fastq-processor/src/transformations.rs:271:1
    |
271 | #[tpd(tag = "action")]
    | ^^^^^^^^^^^^^^^^^^^^^^ not found in this scope
    |
    = note: this error originates in the attribute macro `tpd` (in Nightly builds, run with -Z macro-backtrace for more info)

error[E0412]: cannot find type `PartialKmers` in this scope
   --> mbf-fastq-processor/src/transformations.rs:271:1
    |
271 |   #[tpd(tag = "action")]
    |   ^^^^^^^^^^^^^^^^^^^^^^ help: a trait with a similar name exists: `PartialOrd`
    |
   --> /rustc/ded5c06cf21d2b93bffd5d884aa6e96934ee4234/library/core/src/cmp.rs:1354:1
   ::: /rustc/ded5c06cf21d2b93bffd5d884aa6e96934ee4234/library/core/src/cmp.rs:1355:41
    |
    = note: similarly named trait `PartialOrd` defined here
    |
    = note: this error originates in the attribute macro `tpd` (in Nightly builds, run with -Z macro-backtrace for more info)

error[E0412]: cannot find type `PartialEvalExpression` in this scope
   --> mbf-fastq-processor/src/transformations.rs:271:1
    |
271 | #[tpd(tag = "action")]
    | ^^^^^^^^^^^^^^^^^^^^^^ not found in this scope
    |
    = note: this error originates in the attribute macro `tpd` (in Nightly builds, run with -Z macro-backtrace for more info)

error[E0412]: cannot find type `PartialIUPACSuffix` in this scope
   --> mbf-fastq-processor/src/transformations.rs:271:1
    |
271 | #[tpd(tag = "action")]
    | ^^^^^^^^^^^^^^^^^^^^^^ not found in this scope
    |
    = note: this error originates in the attribute macro `tpd` (in Nightly builds, run with -Z macro-backtrace for more info)

error[E0412]: cannot find type `PartialConcatTags` in this scope
   --> mbf-fastq-processor/src/transformations.rs:271:1
    |
271 | #[tpd(tag = "action")]
    | ^^^^^^^^^^^^^^^^^^^^^^ not found in this scope
    |
    = note: this error originates in the attribute macro `tpd` (in Nightly builds, run with -Z macro-backtrace for more info)

error[E0412]: cannot find type `PartialReport` in this scope
   --> mbf-fastq-processor/src/transformations.rs:271:1
    |
271 | #[tpd(tag = "action")]
    | ^^^^^^^^^^^^^^^^^^^^^^ not found in this scope
    |
    = note: this error originates in the attribute macro `tpd` (in Nightly builds, run with -Z macro-backtrace for more info)

error[E0412]: cannot find type `PartialBox` in this scope
   --> mbf-fastq-processor/src/transformations.rs:271:1
    |
271 | #[tpd(tag = "action")]
    | ^^^^^^^^^^^^^^^^^^^^^^ help: a trait with a similar name exists: `PartialEq`
    |
   --> /rustc/ded5c06cf21d2b93bffd5d884aa6e96934ee4234/library/core/src/cmp.rs:251:1
    |
    = note: similarly named trait `PartialEq` defined here
    |
    = note: this error originates in the attribute macro `tpd` (in Nightly builds, run with -Z macro-backtrace for more info)

error[E0412]: cannot find type `PartialInspect` in this scope
   --> mbf-fastq-processor/src/transformations.rs:271:1
    |
271 | #[tpd(tag = "action")]
    | ^^^^^^^^^^^^^^^^^^^^^^ not found in this scope
    |
    = note: this error originates in the attribute macro `tpd` (in Nightly builds, run with -Z macro-backtrace for more info)

error[E0412]: cannot find type `PartialDemultiplex` in this scope
   --> mbf-fastq-processor/src/transformations.rs:271:1
    |
271 | #[tpd(tag = "action")]
    | ^^^^^^^^^^^^^^^^^^^^^^ help: an enum with a similar name exists: `OptDemultiplex`
    |
   ::: mbf-fastq-processor/src/demultiplex.rs:219:1
    |
219 | pub enum OptDemultiplex {
    | ----------------------- similarly named enum `OptDemultiplex` defined here
    |
    = note: this error originates in the attribute macro `tpd` (in Nightly builds, run with -Z macro-backtrace for more info)

error[E0412]: cannot find type `RegionDefinition` in this scope
   --> mbf-fastq-processor/src/transformations.rs:397:20
    |
397 |     regions: &mut [RegionDefinition],
    |                    ^^^^^^^^^^^^^^^^ not found in this scope

error[E0412]: cannot find type `RegionDefinition` in this scope
   --> mbf-fastq-processor/src/transformations.rs:447:16
    |
447 |     regions: &[RegionDefinition],
    |                ^^^^^^^^^^^^^^^^ not found in this scope

error[E0412]: cannot find type `RegionAnchor` in this scope
   --> mbf-fastq-processor/src/transformations.rs:475:14
    |
475 |     anchor: &RegionAnchor,
    |              ^^^^^^^^^^^^ not found in this scope

error[E0412]: cannot find type `RegionAnchor` in this scope
   --> mbf-fastq-processor/src/transformations.rs:598:14
    |
598 |     anchor: &RegionAnchor,
    |              ^^^^^^^^^^^^ not found in this scope

warning: unused imports: `FieldMatchMode` and `VecMode`
 --> mbf-fastq-processor/src/cli/verify.rs:8:25
  |
8 | use toml_pretty_deser::{FieldMatchMode, VecMode, deserialize_with_mode};
  |                         ^^^^^^^^^^^^^^  ^^^^^^^
  |
  = note: `#[warn(unused_imports)]` (part of `#[warn(unused)]`) on by default

warning: unused import: `PartialTransformation`
 --> mbf-fastq-processor/src/config.rs:5:30
  |
5 | use crate::transformations::{PartialTransformation, Step, TagValueType, Transformation};
  |                              ^^^^^^^^^^^^^^^^^^^^^

warning: unused import: `std::collections::HashMap`
 --> mbf-fastq-processor/src/config/input.rs:6:5
  |
6 | use std::collections::HashMap;
  |     ^^^^^^^^^^^^^^^^^^^^^^^^^

warning: unused import: `deserialize_map_of_string_or_seq_string`
  --> mbf-fastq-processor/src/config/input.rs:11:26
   |
11 | use super::deser::{self, deserialize_map_of_string_or_seq_string};
   |                          ^^^^^^^^^^^^^^^^^^^^^^^^^^^^^^^^^^^^^^^

warning: unused import: `anyhow::Result`
 --> mbf-fastq-processor/src/dna.rs:2:5
  |
2 | use anyhow::Result;
  |     ^^^^^^^^^^^^^^

warning: unused import: `crate::config::deser::bstring_from_string`
 --> mbf-fastq-processor/src/transformations/calc/base_content.rs:6:5
  |
6 | use crate::config::deser::bstring_from_string;
  |     ^^^^^^^^^^^^^^^^^^^^^^^^^^^^^^^^^^^^^^^^^

warning: unused import: `config::deser`
 --> mbf-fastq-processor/src/transformations/calc/kmers.rs:5:13
  |
5 | use crate::{config::deser, io};
  |             ^^^^^^^^^^^^^

warning: unused imports: `SegmentIndexOrAll` and `deser::u8_from_char_or_number`
 --> mbf-fastq-processor/src/transformations/calc/qualified_bases.rs:6:14
  |
6 |     config::{SegmentIndexOrAll, SegmentOrAll, deser::u8_from_char_or_number},
  |              ^^^^^^^^^^^^^^^^^                ^^^^^^^^^^^^^^^^^^^^^^^^^^^^^

warning: unused import: `PartialBaseContent`
  --> mbf-fastq-processor/src/transformations/calc.rs:17:37
   |
17 | pub use base_content::{BaseContent, PartialBaseContent};
   |                                     ^^^^^^^^^^^^^^^^^^

warning: unused import: `PartialComplexity`
  --> mbf-fastq-processor/src/transformations/calc.rs:18:34
   |
18 | pub use complexity::{Complexity, PartialComplexity};
   |                                  ^^^^^^^^^^^^^^^^^

warning: unused import: `PartialExpectedError`
  --> mbf-fastq-processor/src/transformations/calc.rs:19:41
   |
19 | pub use expected_error::{ExpectedError, PartialExpectedError};
   |                                         ^^^^^^^^^^^^^^^^^^^^

warning: unused import: `PartialGCContent`
  --> mbf-fastq-processor/src/transformations/calc.rs:20:33
   |
20 | pub use gc_content::{GCContent, PartialGCContent};
   |                                 ^^^^^^^^^^^^^^^^

warning: unused import: `PartialLength`
  --> mbf-fastq-processor/src/transformations/calc.rs:22:26
   |
22 | pub use length::{Length, PartialLength};
   |                          ^^^^^^^^^^^^^

warning: unused import: `PartialNCount`
  --> mbf-fastq-processor/src/transformations/calc.rs:23:27
   |
23 | pub use n_count::{NCount, PartialNCount};
   |                           ^^^^^^^^^^^^^

warning: unused import: `PartialRegionsToLength`
 --> mbf-fastq-processor/src/transformations/convert/mod.rs:5:46
  |
5 | pub use regions_to_length::{RegionsToLength, PartialRegionsToLength};
  |                                              ^^^^^^^^^^^^^^^^^^^^^^

warning: unused import: `std::collections::BTreeMap`
 --> mbf-fastq-processor/src/transformations/demultiplex.rs:5:5
  |
5 | use std::collections::BTreeMap;
  |     ^^^^^^^^^^^^^^^^^^^^^^^^^^

warning: unused import: `tpd_adapt_dna_bstring`
 --> mbf-fastq-processor/src/transformations/edits/prefix.rs:6:40
  |
6 |     config::deser::{tpd_adapt_bstring, tpd_adapt_dna_bstring},
  |                                        ^^^^^^^^^^^^^^^^^^^^^

warning: unused import: `PartialConvertQuality`
  --> mbf-fastq-processor/src/transformations/edits.rs:20:43
   |
20 | pub use convert_quality::{ConvertQuality, PartialConvertQuality};
   |                                           ^^^^^^^^^^^^^^^^^^^^^

warning: unused import: `PartialCutEnd`
  --> mbf-fastq-processor/src/transformations/edits.rs:21:27
   |
21 | pub use cut_end::{CutEnd, PartialCutEnd};
   |                           ^^^^^^^^^^^^^

warning: unused import: `PartialCutStart`
  --> mbf-fastq-processor/src/transformations/edits.rs:22:31
   |
22 | pub use cut_start::{CutStart, PartialCutStart};
   |                               ^^^^^^^^^^^^^^^

warning: unused import: `PartialMergeReads`
  --> mbf-fastq-processor/src/transformations/edits.rs:24:35
   |
24 | pub use merge_reads::{MergeReads, PartialMergeReads};
   |                                   ^^^^^^^^^^^^^^^^^

warning: unused import: `PartialPostfix`
  --> mbf-fastq-processor/src/transformations/edits.rs:25:28
   |
25 | pub use postfix::{Postfix, PartialPostfix};
   |                            ^^^^^^^^^^^^^^

warning: unused import: `PartialPrefix`
  --> mbf-fastq-processor/src/transformations/edits.rs:26:26
   |
26 | pub use prefix::{Prefix, PartialPrefix};
   |                          ^^^^^^^^^^^^^

warning: unused import: `PartialRename`
  --> mbf-fastq-processor/src/transformations/edits.rs:27:26
   |
27 | pub use rename::{Rename, PartialRename};
   |                          ^^^^^^^^^^^^^

warning: unused import: `PartialReverseComplement`
  --> mbf-fastq-processor/src/transformations/edits.rs:28:49
   |
28 | pub use reverse_complement::{ReverseComplement, PartialReverseComplement};
   |                                                 ^^^^^^^^^^^^^^^^^^^^^^^^

warning: unused import: `PartialSwap`
  --> mbf-fastq-processor/src/transformations/edits.rs:29:22
   |
29 | pub use swap::{Swap, PartialSwap};
   |                      ^^^^^^^^^^^

warning: unused import: `PartialTrimAtTag`
  --> mbf-fastq-processor/src/transformations/edits.rs:30:34
   |
30 | pub use trim_at_tag::{TrimAtTag, PartialTrimAtTag};
   |                                  ^^^^^^^^^^^^^^^^

warning: unused import: `PartialTruncate`
  --> mbf-fastq-processor/src/transformations/edits.rs:31:30
   |
31 | pub use truncate::{Truncate, PartialTruncate};
   |                              ^^^^^^^^^^^^^^^

warning: unused imports: `SegmentIndex` and `deser::tpd_adapt_iupac_bstring`
 --> mbf-fastq-processor/src/transformations/extract/iupac.rs:5:23
  |
5 |     config::{Segment, SegmentIndex, deser::tpd_adapt_iupac_bstring},
  |                       ^^^^^^^^^^^^  ^^^^^^^^^^^^^^^^^^^^^^^^^^^^^^

warning: unused import: `crate::config::deser::tpd_adapt_dna_bstring`
 --> mbf-fastq-processor/src/transformations/extract/iupac_suffix.rs:3:5
  |
3 | use crate::config::deser::tpd_adapt_dna_bstring;
  |     ^^^^^^^^^^^^^^^^^^^^^^^^^^^^^^^^^^^^^^^^^^^

warning: unused import: `config::deser::dna_from_string`
 --> mbf-fastq-processor/src/transformations/extract/iupac_suffix.rs:7:13
  |
7 | use crate::{config::deser::dna_from_string, dna::Hits};
  |             ^^^^^^^^^^^^^^^^^^^^^^^^^^^^^^

warning: unused import: `config::deser::tpd_adapt_iupac_bstring`
 --> mbf-fastq-processor/src/transformations/extract/iupac_with_indel.rs:4:13
  |
4 | use crate::{config::deser::tpd_adapt_iupac_bstring, dna::Anchor};
  |             ^^^^^^^^^^^^^^^^^^^^^^^^^^^^^^^^^^^^^^

warning: unused imports: `tpd_adapt_bstring` and `tpd_adapt_regex`
 --> mbf-fastq-processor/src/transformations/extract/regex.rs:3:28
  |
3 | use crate::config::deser::{tpd_adapt_bstring, tpd_adapt_regex};
  |                            ^^^^^^^^^^^^^^^^^  ^^^^^^^^^^^^^^^

warning: unused imports: `SegmentOrNameIndex`, `bstring_from_string`, and `u8_regex_from_string`
 --> mbf-fastq-processor/src/transformations/extract/regex.rs:8:9
  |
8 |         SegmentOrNameIndex, SegmentSequenceOrName,
  |         ^^^^^^^^^^^^^^^^^^
9 |         deser::{bstring_from_string, u8_regex_from_string},
  |                 ^^^^^^^^^^^^^^^^^^^  ^^^^^^^^^^^^^^^^^^^^

warning: unused import: `config::deser::u8_from_char_or_number`
 --> mbf-fastq-processor/src/transformations/extract/regions_of_low_quality.rs:7:5
  |
7 |     config::deser::u8_from_char_or_number,
  |     ^^^^^^^^^^^^^^^^^^^^^^^^^^^^^^^^^^^^^

warning: unused import: `single_u8_from_string`
  --> mbf-fastq-processor/src/transformations/extract/tag/other_file_by_name.rs:10:28
   |
10 | use crate::config::deser::{single_u8_from_string, tpd_extract_u8_from_byte_or_char};
   |                            ^^^^^^^^^^^^^^^^^^^^^

warning: unused import: `PartialDuplicates`
 --> mbf-fastq-processor/src/transformations/extract/tag.rs:8:34
  |
8 | pub use duplicates::{Duplicates, PartialDuplicates};
  |                                  ^^^^^^^^^^^^^^^^^

warning: unused import: `PartialOtherFileByName`
 --> mbf-fastq-processor/src/transformations/extract/tag.rs:9:47
  |
9 | pub use other_file_by_name::{OtherFileByName, PartialOtherFileByName};
  |                                               ^^^^^^^^^^^^^^^^^^^^^^

warning: unused import: `PartialOtherFileBySequence`
  --> mbf-fastq-processor/src/transformations/extract/tag.rs:10:55
   |
10 | pub use other_file_by_sequence::{OtherFileBySequence, PartialOtherFileBySequence};
   |                                                       ^^^^^^^^^^^^^^^^^^^^^^^^^^

warning: unused import: `PartialLongestPolyX`
  --> mbf-fastq-processor/src/transformations/extract.rs:18:39
   |
18 | pub use longest_poly_x::{LongestPolyX,PartialLongestPolyX};
   |                                       ^^^^^^^^^^^^^^^^^^^

warning: unused import: `PartialLowQualityEnd`
  --> mbf-fastq-processor/src/transformations/extract.rs:19:41
   |
19 | pub use low_quality_end::{LowQualityEnd,PartialLowQualityEnd};
   |                                         ^^^^^^^^^^^^^^^^^^^^

warning: unused import: `PartialLowQualityStart`
  --> mbf-fastq-processor/src/transformations/extract.rs:20:45
   |
20 | pub use low_quality_start::{LowQualityStart,PartialLowQualityStart};
   |                                             ^^^^^^^^^^^^^^^^^^^^^^

warning: unused import: `PartialPolyTail`
  --> mbf-fastq-processor/src/transformations/extract.rs:21:30
   |
21 | pub use poly_tail::{PolyTail,PartialPolyTail};
   |                              ^^^^^^^^^^^^^^^

warning: unused import: `PartialRegions`
  --> mbf-fastq-processor/src/transformations/extract.rs:24:27
   |
24 | pub use regions::{Regions,PartialRegions};
   |                           ^^^^^^^^^^^^^^

warning: unused import: `PartialRegionsOfLowQuality`
  --> mbf-fastq-processor/src/transformations/extract.rs:25:54
   |
25 | pub use regions_of_low_quality::{RegionsOfLowQuality,PartialRegionsOfLowQuality};
   |                                                      ^^^^^^^^^^^^^^^^^^^^^^^^^^

warning: unused import: `PartialByNumericTag`
  --> mbf-fastq-processor/src/transformations/filters.rs:10:40
   |
10 | pub use by_numeric_tag::{ByNumericTag, PartialByNumericTag};
   |                                        ^^^^^^^^^^^^^^^^^^^

warning: unused import: `PartialByTag`
  --> mbf-fastq-processor/src/transformations/filters.rs:11:25
   |
11 | pub use by_tag::{ByTag, PartialByTag};
   |                         ^^^^^^^^^^^^

warning: unused import: `PartialEmpty`
  --> mbf-fastq-processor/src/transformations/filters.rs:12:24
   |
12 | pub use empty::{Empty, PartialEmpty};
   |                        ^^^^^^^^^^^^

warning: unused import: `PartialHead`
  --> mbf-fastq-processor/src/transformations/filters.rs:13:22
   |
13 | pub use head::{Head, PartialHead};
   |                      ^^^^^^^^^^^

warning: unused import: `PartialReservoirSample`
  --> mbf-fastq-processor/src/transformations/filters.rs:14:45
   |
14 | pub use reservoir_sample::{ReservoirSample, PartialReservoirSample};
   |                                             ^^^^^^^^^^^^^^^^^^^^^^

warning: unused import: `PartialSample`
  --> mbf-fastq-processor/src/transformations/filters.rs:15:26
   |
15 | pub use sample::{Sample, PartialSample};
   |                          ^^^^^^^^^^^^^

warning: unused import: `PartialSkip`
  --> mbf-fastq-processor/src/transformations/filters.rs:16:22
   |
16 | pub use skip::{Skip, PartialSkip};
   |                      ^^^^^^^^^^^

warning: unused import: `super::common::default_true`
 --> mbf-fastq-processor/src/transformations/reports/report.rs:4:5
  |
4 | use super::common::default_true;
  |     ^^^^^^^^^^^^^^^^^^^^^^^^^^^

warning: unused import: `PartialProgress`
  --> mbf-fastq-processor/src/transformations/reports.rs:18:30
   |
18 | pub use progress::{Progress, PartialProgress};
   |                              ^^^^^^^^^^^^^^^

warning: unused import: `Partial_ReportBaseStatisticsPart1`
  --> mbf-fastq-processor/src/transformations/reports.rs:20:68
   |
20 | pub use report_base_statistics_part1::{_ReportBaseStatisticsPart1, Partial_ReportBaseStatisticsPart1};
   |                                                                    ^^^^^^^^^^^^^^^^^^^^^^^^^^^^^^^^^

warning: unused import: `Partial_ReportBaseStatisticsPart2`
  --> mbf-fastq-processor/src/transformations/reports.rs:21:68
   |
21 | pub use report_base_statistics_part2::{_ReportBaseStatisticsPart2, Partial_ReportBaseStatisticsPart2};
   |                                                                    ^^^^^^^^^^^^^^^^^^^^^^^^^^^^^^^^^

warning: unused import: `Partial_ReportCount`
  --> mbf-fastq-processor/src/transformations/reports.rs:22:38
   |
22 | pub use report_count::{_ReportCount, Partial_ReportCount};
   |                                      ^^^^^^^^^^^^^^^^^^^

warning: unused import: `Partial_ReportCountOligos`
  --> mbf-fastq-processor/src/transformations/reports.rs:23:51
   |
23 | pub use report_count_oligos::{_ReportCountOligos, Partial_ReportCountOligos};
   |                                                   ^^^^^^^^^^^^^^^^^^^^^^^^^

warning: unused import: `Partial_ReportDuplicateCount`
  --> mbf-fastq-processor/src/transformations/reports.rs:24:57
   |
24 | pub use report_duplicate_count::{_ReportDuplicateCount, Partial_ReportDuplicateCount};
   |                                                         ^^^^^^^^^^^^^^^^^^^^^^^^^^^^

warning: unused import: `Partial_ReportDuplicateFragmentCount`
  --> mbf-fastq-processor/src/transformations/reports.rs:25:74
   |
25 | pub use report_duplicate_fragment_count::{_ReportDuplicateFragmentCount, Partial_ReportDuplicateFragmentCount};
   |                                                                          ^^^^^^^^^^^^^^^^^^^^^^^^^^^^^^^^^^^^

warning: unused import: `Partial_ReportLengthDistribution`
  --> mbf-fastq-processor/src/transformations/reports.rs:26:65
   |
26 | pub use report_length_distribution::{_ReportLengthDistribution, Partial_ReportLengthDistribution};
   |                                                                 ^^^^^^^^^^^^^^^^^^^^^^^^^^^^^^^^

warning: unused import: `Partial_ReportTagHistogram`
  --> mbf-fastq-processor/src/transformations/reports.rs:27:53
   |
27 | pub use report_tag_histogram::{_ReportTagHistogram, Partial_ReportTagHistogram};
   |                                                     ^^^^^^^^^^^^^^^^^^^^^^^^^^

warning: unused import: `std::sync::OnceLock`
 --> mbf-fastq-processor/src/transformations/tag/concat_tags.rs:2:5
  |
2 | use std::sync::OnceLock;
  |     ^^^^^^^^^^^^^^^^^^^

warning: unused import: `crate::config::deser::bstring_from_string`
 --> mbf-fastq-processor/src/transformations/tag/quantify_tag.rs:6:5
  |
6 | use crate::config::deser::bstring_from_string;
  |     ^^^^^^^^^^^^^^^^^^^^^^^^^^^^^^^^^^^^^^^^^

warning: unused import: `u8_from_char_or_number`
 --> mbf-fastq-processor/src/transformations/tag/replace_tag_with_letter.rs:5:62
  |
5 | use crate::config::deser::{tpd_extract_u8_from_byte_or_char, u8_from_char_or_number};
  |                                                              ^^^^^^^^^^^^^^^^^^^^^^

warning: unused imports: `bstring_from_string`, `opt_u8_from_char_or_number`, and `u8_from_char_or_number`
 --> mbf-fastq-processor/src/transformations/tag/store_tag_in_comment.rs:7:21
  |
7 |     config::deser::{bstring_from_string, opt_u8_from_char_or_number, u8_from_char_or_number},
  |                     ^^^^^^^^^^^^^^^^^^^  ^^^^^^^^^^^^^^^^^^^^^^^^^^  ^^^^^^^^^^^^^^^^^^^^^^

warning: unused imports: `bstring_from_string` and `u8_from_char_or_number`
 --> mbf-fastq-processor/src/transformations/tag/store_tag_in_fastq.rs:9:17
  |
9 |         deser::{bstring_from_string, u8_from_char_or_number},
  |                 ^^^^^^^^^^^^^^^^^^^  ^^^^^^^^^^^^^^^^^^^^^^

warning: unused imports: `opt_u8_from_char_or_number` and `u8_from_char_or_number`
 --> mbf-fastq-processor/src/transformations/tag/store_tag_location_in_comment.rs:9:17
  |
9 |         deser::{opt_u8_from_char_or_number, u8_from_char_or_number},
  |                 ^^^^^^^^^^^^^^^^^^^^^^^^^^  ^^^^^^^^^^^^^^^^^^^^^^

warning: unused imports: `arc_mutex_option_vec_string` and `bstring_from_string`
 --> mbf-fastq-processor/src/transformations/tag/store_tags_in_table.rs:6:21
  |
6 |     config::deser::{arc_mutex_option_vec_string, bstring_from_string, tpd_adapt_bstring},
  |                     ^^^^^^^^^^^^^^^^^^^^^^^^^^^  ^^^^^^^^^^^^^^^^^^^

warning: unused import: `PartialForgetAllTags`
  --> mbf-fastq-processor/src/transformations/tag.rs:19:42
   |
19 | pub use forget_all_tags::{ForgetAllTags, PartialForgetAllTags};
   |                                          ^^^^^^^^^^^^^^^^^^^^

warning: unused import: `PartialForgetTag`
  --> mbf-fastq-processor/src/transformations/tag.rs:20:33
   |
20 | pub use forget_tag::{ForgetTag, PartialForgetTag};
   |                                 ^^^^^^^^^^^^^^^^

warning: unused import: `PartialQuantifyTag`
  --> mbf-fastq-processor/src/transformations/tag.rs:21:37
   |
21 | pub use quantify_tag::{QuantifyTag, PartialQuantifyTag};
   |                                     ^^^^^^^^^^^^^^^^^^

warning: unused import: `PartialReplaceTagWithLetter`
  --> mbf-fastq-processor/src/transformations/tag.rs:22:57
   |
22 | pub use replace_tag_with_letter::{ReplaceTagWithLetter, PartialReplaceTagWithLetter};
   |                                                         ^^^^^^^^^^^^^^^^^^^^^^^^^^^

warning: unused import: `PartialStoreTagInComment`
  --> mbf-fastq-processor/src/transformations/tag.rs:23:51
   |
23 | pub use store_tag_in_comment::{StoreTagInComment, PartialStoreTagInComment};
   |                                                   ^^^^^^^^^^^^^^^^^^^^^^^^

warning: unused import: `PartialStoreTagInFastQ`
  --> mbf-fastq-processor/src/transformations/tag.rs:24:47
   |
24 | pub use store_tag_in_fastq::{StoreTagInFastQ, PartialStoreTagInFastQ};
   |                                               ^^^^^^^^^^^^^^^^^^^^^^

warning: unused import: `PartialStoreTagInSequence`
  --> mbf-fastq-processor/src/transformations/tag.rs:25:53
   |
25 | pub use store_tag_in_sequence::{StoreTagInSequence, PartialStoreTagInSequence};
   |                                                     ^^^^^^^^^^^^^^^^^^^^^^^^^

warning: unused import: `PartialStoreTagLocationInComment`
  --> mbf-fastq-processor/src/transformations/tag.rs:26:68
   |
26 | pub use store_tag_location_in_comment::{StoreTagLocationInComment, PartialStoreTagLocationInComment};
   |                                                                    ^^^^^^^^^^^^^^^^^^^^^^^^^^^^^^^^

warning: unused import: `PartialStoreTagsInTable`
  --> mbf-fastq-processor/src/transformations/tag.rs:27:49
   |
27 | pub use store_tags_in_table::{StoreTagsInTable, PartialStoreTagsInTable};
   |                                                 ^^^^^^^^^^^^^^^^^^^^^^^

warning: unused import: `single_u8_from_string`
 --> mbf-fastq-processor/src/transformations/validation/name.rs:2:28
  |
2 | use crate::config::deser::{single_u8_from_string, tpd_extract_u8_from_byte_or_char};
  |                            ^^^^^^^^^^^^^^^^^^^^^

warning: unused import: `bstring_from_string`
 --> mbf-fastq-processor/src/transformations/validation/seq.rs:4:28
  |
4 | use crate::config::deser::{bstring_from_string, tpd_adapt_bstring};
  |                            ^^^^^^^^^^^^^^^^^^^

warning: unused import: `crate::config::deser::single_u8_from_string`
 --> mbf-fastq-processor/src/transformations/validation/spot_check_read_pairing.rs:3:5
  |
3 | use crate::config::deser::single_u8_from_string;
  |     ^^^^^^^^^^^^^^^^^^^^^^^^^^^^^^^^^^^^^^^^^^^

warning: unused import: `PartialValidateQuality`
  --> mbf-fastq-processor/src/transformations/validation.rs:10:36
   |
10 | pub use quality::{ValidateQuality, PartialValidateQuality};
   |                                    ^^^^^^^^^^^^^^^^^^^^^^

warning: unused import: `PartialValidateSeq`
  --> mbf-fastq-processor/src/transformations/validation.rs:11:28
   |
11 | pub use seq::{ValidateSeq, PartialValidateSeq};
   |                            ^^^^^^^^^^^^^^^^^^

warning: unused imports: `Partial_InduceFailure`, `Partial_InternalDelay`, and `Partial_InternalReadCount`
  --> mbf-fastq-processor/src/transformations.rs:39:21
   |
39 |     _InduceFailure, Partial_InduceFailure, _InternalDelay, _InternalReadCount, Partial_InternalDelay,
   |                     ^^^^^^^^^^^^^^^^^^^^^                                      ^^^^^^^^^^^^^^^^^^^^^
40 |     Partial_InternalReadCount,
   |     ^^^^^^^^^^^^^^^^^^^^^^^^^

error[E0206]: the trait `Copy` cannot be implemented for this type
   --> mbf-fastq-processor/src/config/input.rs:387:10
    |
387 | #[derive(Copy, Clone, Debug, Default, PartialEq, Eq, JsonSchema)]
    |          ^^^^ type is not a structure or enumeration

error[E0206]: the trait `Copy` cannot be implemented for this type
   --> mbf-fastq-processor/src/dna.rs:161:11
    |
161 | #[derive( Copy, Clone, JsonSchema)]
    |           ^^^^ type is not a structure or enumeration

error[E0206]: the trait `Copy` cannot be implemented for this type
 --> mbf-fastq-processor/src/io/fileformats.rs:4:32
  |
4 | #[derive(Clone, PartialEq, Eq, Copy, JsonSchema)]
  |                                ^^^^ type is not a structure or enumeration

error[E0206]: the trait `Copy` cannot be implemented for this type
  --> mbf-fastq-processor/src/transformations/calc/qualified_bases.rs:11:17
   |
11 | #[derive(Clone, Copy, PartialEq, Eq, JsonSchema)]
   |                 ^^^^ type is not a structure or enumeration

error[E0206]: the trait `Copy` cannot be implemented for this type
 --> mbf-fastq-processor/src/transformations/edits/trim_at_tag.rs:7:32
  |
7 | #[derive(Clone, Eq, PartialEq, Copy, JsonSchema)]
  |                                ^^^^ type is not a structure or enumeration

error[E0206]: the trait `Copy` cannot be implemented for this type
   --> mbf-fastq-processor/src/transformations.rs:148:39
    |
148 | #[derive(Debug, Clone, PartialEq, Eq, Copy, JsonSchema)]
    |                                       ^^^^ type is not a structure or enumeration

error[E0433]: failed to resolve: use of undeclared type `CompressionFormat`
   --> mbf-fastq-processor/src/config/input.rs:387:23
    |
387 | #[derive(Copy, Clone, Debug, Default, PartialEq, Eq, JsonSchema)]
    |                       ^^^^^ use of undeclared type `CompressionFormat`

error[E0433]: failed to resolve: use of undeclared type `CompressionFormat`
   --> mbf-fastq-processor/src/config/input.rs:448:13
    |
448 |             CompressionFormat::Uncompressed => base.to_string(),
    |             ^^^^^^^^^^^^^^^^^ use of undeclared type `CompressionFormat`

error[E0433]: failed to resolve: use of undeclared type `CompressionFormat`
   --> mbf-fastq-processor/src/config/input.rs:449:13
    |
449 |             CompressionFormat::Gzip => format!("{base}.gz"),
    |             ^^^^^^^^^^^^^^^^^ use of undeclared type `CompressionFormat`

error[E0433]: failed to resolve: use of undeclared type `CompressionFormat`
   --> mbf-fastq-processor/src/config/input.rs:450:13
    |
450 |             CompressionFormat::Zstd => format!("{base}.zst"),
    |             ^^^^^^^^^^^^^^^^^ use of undeclared type `CompressionFormat`

error[E0433]: failed to resolve: use of undeclared type `CompressionFormat`
   --> mbf-fastq-processor/src/config/input.rs:462:13
    |
462 |             CompressionFormat::Uncompressed => {
    |             ^^^^^^^^^^^^^^^^^ use of undeclared type `CompressionFormat`

error[E0433]: failed to resolve: use of undeclared type `CompressionFormat`
   --> mbf-fastq-processor/src/config/input.rs:469:13
    |
469 |             CompressionFormat::Gzip => {
    |             ^^^^^^^^^^^^^^^^^ use of undeclared type `CompressionFormat`

error[E0433]: failed to resolve: use of undeclared type `CompressionFormat`
   --> mbf-fastq-processor/src/config/input.rs:476:13
    |
476 |             CompressionFormat::Zstd => {
    |             ^^^^^^^^^^^^^^^^^ use of undeclared type `CompressionFormat`

error[E0433]: failed to resolve: use of undeclared type `Anchor`
   --> mbf-fastq-processor/src/dna.rs:187:9
    |
187 |         Anchor::Left => {
    |         ^^^^^^ use of undeclared type `Anchor`

error[E0433]: failed to resolve: use of undeclared type `Anchor`
   --> mbf-fastq-processor/src/dna.rs:198:9
    |
198 |         Anchor::Right => {
    |         ^^^^^^ use of undeclared type `Anchor`

error[E0433]: failed to resolve: use of undeclared type `Anchor`
   --> mbf-fastq-processor/src/dna.rs:210:9
    |
210 |         Anchor::Anywhere => {
    |         ^^^^^^ use of undeclared type `Anchor`

error[E0433]: failed to resolve: use of undeclared type `Anchor`
   --> mbf-fastq-processor/src/dna.rs:258:9
    |
258 |         Anchor::Left => base_scoring.yclip_prefix(MIN_SCORE).yclip_suffix(0),
    |         ^^^^^^ use of undeclared type `Anchor`

error[E0433]: failed to resolve: use of undeclared type `Anchor`
   --> mbf-fastq-processor/src/dna.rs:259:9
    |
259 |         Anchor::Right => base_scoring.yclip_prefix(0).yclip_suffix(MIN_SCORE),
    |         ^^^^^^ use of undeclared type `Anchor`

error[E0433]: failed to resolve: use of undeclared type `Anchor`
   --> mbf-fastq-processor/src/dna.rs:260:9
    |
260 |         Anchor::Anywhere => base_scoring.yclip(0),
    |         ^^^^^^ use of undeclared type `Anchor`

error[E0433]: failed to resolve: use of undeclared type `Anchor`
   --> mbf-fastq-processor/src/dna.rs:272:27
    |
272 |         (matches!(anchor, Anchor::Left) && alignment.ystart == 0)
    |                           ^^^^^^ use of undeclared type `Anchor`

error[E0433]: failed to resolve: use of undeclared type `Anchor`
   --> mbf-fastq-processor/src/dna.rs:273:34
    |
273 |             || (matches!(anchor, Anchor::Right) && alignment.yend == reference.len())
    |                                  ^^^^^^ use of undeclared type `Anchor`

error[E0433]: failed to resolve: use of undeclared type `Anchor`
   --> mbf-fastq-processor/src/dna.rs:274:33
    |
274 |             || matches!(anchor, Anchor::Anywhere),
    |                                 ^^^^^^ use of undeclared type `Anchor`

error[E0433]: failed to resolve: use of undeclared type `PhredEncoding`
  --> mbf-fastq-processor/src/io/fileformats.rs:21:13
   |
21 |             PhredEncoding::Sanger => (33, 126),
   |             ^^^^^^^^^^^^^ use of undeclared type `PhredEncoding`

error[E0433]: failed to resolve: use of undeclared type `PhredEncoding`
  --> mbf-fastq-processor/src/io/fileformats.rs:22:13
   |
22 |             PhredEncoding::Solexa => (59, 126),
   |             ^^^^^^^^^^^^^ use of undeclared type `PhredEncoding`

error[E0433]: failed to resolve: use of undeclared type `PhredEncoding`
  --> mbf-fastq-processor/src/io/fileformats.rs:23:13
   |
23 |             PhredEncoding::Illumina13 => (64, 126),
   |             ^^^^^^^^^^^^^ use of undeclared type `PhredEncoding`

error[E0433]: failed to resolve: use of undeclared type `Operator`
   --> mbf-fastq-processor/src/transformations/calc/qualified_bases.rs:103:17
    |
103 |                 Operator::Above => it.map(|x| usize::from(*x > threshold)).sum(),
    |                 ^^^^^^^^
    |                 |
    |                 use of undeclared type `Operator`
    |                 help: a trait with a similar name exists: `Iterator`

error[E0433]: failed to resolve: use of undeclared type `Operator`
   --> mbf-fastq-processor/src/transformations/calc/qualified_bases.rs:104:17
    |
104 |                 Operator::Below => it.map(|x| usize::from(*x < threshold)).sum(),
    |                 ^^^^^^^^
    |                 |
    |                 use of undeclared type `Operator`
    |                 help: a trait with a similar name exists: `Iterator`

error[E0433]: failed to resolve: use of undeclared type `Operator`
   --> mbf-fastq-processor/src/transformations/calc/qualified_bases.rs:105:17
    |
105 |                 Operator::AboveOrEqual => it.map(|x| usize::from(*x >= threshold)).sum(),
    |                 ^^^^^^^^
    |                 |
    |                 use of undeclared type `Operator`
    |                 help: a trait with a similar name exists: `Iterator`

error[E0433]: failed to resolve: use of undeclared type `Operator`
   --> mbf-fastq-processor/src/transformations/calc/qualified_bases.rs:106:17
    |
106 |                 Operator::BelowOrEqual => it.map(|x| usize::from(*x <= threshold)).sum(),
    |                 ^^^^^^^^
    |                 |
    |                 use of undeclared type `Operator`
    |                 help: a trait with a similar name exists: `Iterator`

error[E0433]: failed to resolve: use of undeclared type `Direction`
  --> mbf-fastq-processor/src/transformations/edits/trim_at_tag.rs:78:26
   |
78 |                         (Direction::Start, true) => read.cut_start(location.start),
   |                          ^^^^^^^^^ use of undeclared type `Direction`

error[E0433]: failed to resolve: use of undeclared type `Direction`
  --> mbf-fastq-processor/src/transformations/edits/trim_at_tag.rs:79:26
   |
79 |                         (Direction::Start, false) => read.cut_start(location.start + location.len),
   |                          ^^^^^^^^^ use of undeclared type `Direction`

error[E0433]: failed to resolve: use of undeclared type `Direction`
  --> mbf-fastq-processor/src/transformations/edits/trim_at_tag.rs:80:26
   |
80 |                         (Direction::End, true) => read.max_len(location.start + location.len),
   |                          ^^^^^^^^^ use of undeclared type `Direction`

error[E0433]: failed to resolve: use of undeclared type `Direction`
  --> mbf-fastq-processor/src/transformations/edits/trim_at_tag.rs:81:26
   |
81 |                         (Direction::End, false) => read.max_len(location.start),
   |                          ^^^^^^^^^ use of undeclared type `Direction`

error[E0433]: failed to resolve: use of undeclared type `Direction`
   --> mbf-fastq-processor/src/transformations/edits/trim_at_tag.rs:111:18
    |
111 |                 (Direction::End, _) => {
    |                  ^^^^^^^^^ use of undeclared type `Direction`

error[E0433]: failed to resolve: use of undeclared type `Direction`
   --> mbf-fastq-processor/src/transformations/edits/trim_at_tag.rs:114:18
    |
114 |                 (Direction::Start, keep_tag) => {
    |                  ^^^^^^^^^ use of undeclared type `Direction`

error[E0433]: failed to resolve: use of undeclared type `Direction`
   --> mbf-fastq-processor/src/transformations/edits/trim_at_tag.rs:148:30
    |
148 |         if self.direction == Direction::Start {
    |                              ^^^^^^^^^ use of undeclared type `Direction`

error[E0433]: failed to resolve: use of undeclared type `RegionAnchor`
  --> mbf-fastq-processor/src/transformations.rs:67:5
   |
67 |     Start,
   |     ^^^^^ use of undeclared type `RegionAnchor`

error[E0433]: failed to resolve: use of undeclared type `RegionAnchor`
  --> mbf-fastq-processor/src/transformations.rs:62:10
   |
62 | #[derive(Clone, JsonSchema)]
   |          ^^^^^ use of undeclared type `RegionAnchor`

error[E0433]: failed to resolve: use of undeclared type `RegionAnchor`
  --> mbf-fastq-processor/src/transformations.rs:69:5
   |
69 |     End,
   |     ^^^ use of undeclared type `RegionAnchor`

error[E0433]: failed to resolve: use of undeclared type `KeepOrRemove`
   --> mbf-fastq-processor/src/transformations.rs:148:10
    |
148 | #[derive(Debug, Clone, PartialEq, Eq, Copy, JsonSchema)]
    |          ^^^^^ use of undeclared type `KeepOrRemove`

error[E0433]: failed to resolve: use of undeclared type `RegionAnchor`
   --> mbf-fastq-processor/src/transformations.rs:417:17
    |
417 |                 RegionAnchor::Start => {
    |                 ^^^^^^^^^^^^ use of undeclared type `RegionAnchor`

error[E0433]: failed to resolve: use of undeclared type `RegionAnchor`
   --> mbf-fastq-processor/src/transformations.rs:424:17
    |
424 |                 RegionAnchor::End => {
    |                 ^^^^^^^^^^^^ use of undeclared type `RegionAnchor`

error[E0433]: failed to resolve: use of undeclared type `RegionAnchor`
   --> mbf-fastq-processor/src/transformations.rs:613:9
    |
613 |         RegionAnchor::Start => {
    |         ^^^^^^^^^^^^ use of undeclared type `RegionAnchor`

error[E0433]: failed to resolve: use of undeclared type `RegionAnchor`
   --> mbf-fastq-processor/src/transformations.rs:617:9
    |
617 |         RegionAnchor::End => {
    |         ^^^^^^^^^^^^ use of undeclared type `RegionAnchor`

error[E0425]: cannot find function, tuple struct or tuple variant `SegmentOrAll` in this scope
  --> mbf-fastq-processor/src/config/segments.rs:17:10
   |
17 | #[derive(Clone, Eq, PartialEq, JsonSchema)]
   |          ^^^^^ not found in this scope

error[E0425]: cannot find function, tuple struct or tuple variant `SegmentOrAll` in this scope
  --> mbf-fastq-processor/src/config/segments.rs:24:9
   |
24 |         SegmentOrAll(":::first_and_only_segment".to_string())
   |         ^^^^^^^^^^^^ not found in this scope

error[E0425]: cannot find function, tuple struct or tuple variant `SegmentSequenceOrName` in this scope
   --> mbf-fastq-processor/src/config/segments.rs:112:10
    |
112 | #[derive(Clone, Eq, PartialEq, JsonSchema)]
    |          ^^^^^ not found in this scope

error[E0425]: cannot find function `deserialize_with_mode` in this scope
  --> mbf-fastq-processor/src/config.rs:44:5
   |
44 |     deserialize_with_mode(&toml, FieldMatchMode::AnyCase, VecMode::SingleOk)
   |     ^^^^^^^^^^^^^^^^^^^^^ not found in this scope

Some errors have detailed explanations: E0206, E0405, E0412, E0422, E0425, E0432, E0433.
For more information about an error, try `rustc --explain E0206`.
warning: `mbf-fastq-processor` (lib) generated 84 warnings
error: could not compile `mbf-fastq-processor` (lib) due to 473 previous errors; 84 warnings emitted
